::1 - - [08/Mar/2019:03:12:17 +0000] "GET / HTTP/1.1" 304 - "-" "Mozilla/5.0 (Windows NT 10.0; WOW64) AppleWebKit/537.36 (KHTML, like Gecko) Chrome/68.0.3440.106 Safari/537.36"
::1 - - [08/Mar/2019:03:12:17 +0000] "GET /stylesheets/style.css HTTP/1.1" 304 - "http://localhost:3000/" "Mozilla/5.0 (Windows NT 10.0; WOW64) AppleWebKit/537.36 (KHTML, like Gecko) Chrome/68.0.3440.106 Safari/537.36"
::1 - - [08/Mar/2019:03:12:18 +0000] "GET /favicon.ico HTTP/1.1" 404 1506 "http://localhost:3000/" "Mozilla/5.0 (Windows NT 10.0; WOW64) AppleWebKit/537.36 (KHTML, like Gecko) Chrome/68.0.3440.106 Safari/537.36"
::1 - - [08/Mar/2019:03:12:19 +0000] "GET /photos HTTP/1.1" 304 - "http://localhost:3000/" "Mozilla/5.0 (Windows NT 10.0; WOW64) AppleWebKit/537.36 (KHTML, like Gecko) Chrome/68.0.3440.106 Safari/537.36"
::1 - - [08/Mar/2019:03:12:19 +0000] "GET /stylesheets/style.css HTTP/1.1" 304 - "http://localhost:3000/photos" "Mozilla/5.0 (Windows NT 10.0; WOW64) AppleWebKit/537.36 (KHTML, like Gecko) Chrome/68.0.3440.106 Safari/537.36"
::1 - - [08/Mar/2019:03:12:21 +0000] "GET /photos/search HTTP/1.1" 304 - "http://localhost:3000/photos" "Mozilla/5.0 (Windows NT 10.0; WOW64) AppleWebKit/537.36 (KHTML, like Gecko) Chrome/68.0.3440.106 Safari/537.36"
::1 - - [08/Mar/2019:03:12:21 +0000] "GET /stylesheets/style.css HTTP/1.1" 304 - "http://localhost:3000/photos/search" "Mozilla/5.0 (Windows NT 10.0; WOW64) AppleWebKit/537.36 (KHTML, like Gecko) Chrome/68.0.3440.106 Safari/537.36"
::1 - - [08/Mar/2019:03:12:23 +0000] "POST /photos/search HTTP/1.1" 200 880 "http://localhost:3000/photos/search" "Mozilla/5.0 (Windows NT 10.0; WOW64) AppleWebKit/537.36 (KHTML, like Gecko) Chrome/68.0.3440.106 Safari/537.36"
::1 - - [08/Mar/2019:03:12:23 +0000] "GET /stylesheets/style.css HTTP/1.1" 304 - "http://localhost:3000/photos/search" "Mozilla/5.0 (Windows NT 10.0; WOW64) AppleWebKit/537.36 (KHTML, like Gecko) Chrome/68.0.3440.106 Safari/537.36"
::1 - - [08/Mar/2019:03:12:25 +0000] "GET /photos/search HTTP/1.1" 200 423 "http://localhost:3000/photos" "Mozilla/5.0 (Windows NT 10.0; WOW64) AppleWebKit/537.36 (KHTML, like Gecko) Chrome/68.0.3440.106 Safari/537.36"
::1 - - [08/Mar/2019:03:12:26 +0000] "GET /photos HTTP/1.1" 304 - "http://localhost:3000/photos/search" "Mozilla/5.0 (Windows NT 10.0; WOW64) AppleWebKit/537.36 (KHTML, like Gecko) Chrome/68.0.3440.106 Safari/537.36"
::1 - - [08/Mar/2019:03:12:26 +0000] "GET /stylesheets/style.css HTTP/1.1" 304 - "http://localhost:3000/photos" "Mozilla/5.0 (Windows NT 10.0; WOW64) AppleWebKit/537.36 (KHTML, like Gecko) Chrome/68.0.3440.106 Safari/537.36"
::1 - - [08/Mar/2019:03:12:27 +0000] "GET /photos/create HTTP/1.1" 200 448 "http://localhost:3000/photos" "Mozilla/5.0 (Windows NT 10.0; WOW64) AppleWebKit/537.36 (KHTML, like Gecko) Chrome/68.0.3440.106 Safari/537.36"
::1 - - [08/Mar/2019:03:12:27 +0000] "GET /stylesheets/style.css HTTP/1.1" 304 - "http://localhost:3000/photos/create" "Mozilla/5.0 (Windows NT 10.0; WOW64) AppleWebKit/537.36 (KHTML, like Gecko) Chrome/68.0.3440.106 Safari/537.36"
::1 - - [08/Mar/2019:03:12:34 +0000] "POST /photos/create HTTP/1.1" 200 55 "http://localhost:3000/photos/create" "Mozilla/5.0 (Windows NT 10.0; WOW64) AppleWebKit/537.36 (KHTML, like Gecko) Chrome/68.0.3440.106 Safari/537.36"
::1 - - [08/Mar/2019:03:12:35 +0000] "GET /photos HTTP/1.1" 200 1819 "http://localhost:3000/photos/create" "Mozilla/5.0 (Windows NT 10.0; WOW64) AppleWebKit/537.36 (KHTML, like Gecko) Chrome/68.0.3440.106 Safari/537.36"
::1 - - [08/Mar/2019:03:12:35 +0000] "GET /stylesheets/style.css HTTP/1.1" 304 - "http://localhost:3000/photos" "Mozilla/5.0 (Windows NT 10.0; WOW64) AppleWebKit/537.36 (KHTML, like Gecko) Chrome/68.0.3440.106 Safari/537.36"
::1 - - [08/Mar/2019:03:12:35 +0000] "GET /1 HTTP/1.1" 404 1506 "http://localhost:3000/photos" "Mozilla/5.0 (Windows NT 10.0; WOW64) AppleWebKit/537.36 (KHTML, like Gecko) Chrome/68.0.3440.106 Safari/537.36"
::1 - - [08/Mar/2019:03:12:41 +0000] "GET / HTTP/1.1" 304 - "http://localhost:3000/photos" "Mozilla/5.0 (Windows NT 10.0; WOW64) AppleWebKit/537.36 (KHTML, like Gecko) Chrome/68.0.3440.106 Safari/537.36"
::1 - - [08/Mar/2019:03:12:41 +0000] "GET /stylesheets/style.css HTTP/1.1" 304 - "http://localhost:3000/" "Mozilla/5.0 (Windows NT 10.0; WOW64) AppleWebKit/537.36 (KHTML, like Gecko) Chrome/68.0.3440.106 Safari/537.36"
::1 - - [08/Mar/2019:03:12:44 +0000] "GET /pm25 HTTP/1.1" 200 530 "http://localhost:3000/" "Mozilla/5.0 (Windows NT 10.0; WOW64) AppleWebKit/537.36 (KHTML, like Gecko) Chrome/68.0.3440.106 Safari/537.36"
::1 - - [08/Mar/2019:03:12:44 +0000] "GET /stylesheets/style.css HTTP/1.1" 304 - "http://localhost:3000/pm25" "Mozilla/5.0 (Windows NT 10.0; WOW64) AppleWebKit/537.36 (KHTML, like Gecko) Chrome/68.0.3440.106 Safari/537.36"
::1 - - [08/Mar/2019:03:12:51 +0000] "POST /pm25 HTTP/1.1" 200 2507 "http://localhost:3000/pm25" "Mozilla/5.0 (Windows NT 10.0; WOW64) AppleWebKit/537.36 (KHTML, like Gecko) Chrome/68.0.3440.106 Safari/537.36"
::1 - - [08/Mar/2019:03:13:01 +0000] "GET /pm25 HTTP/1.1" 200 530 "http://localhost:3000/" "Mozilla/5.0 (Windows NT 10.0; WOW64) AppleWebKit/537.36 (KHTML, like Gecko) Chrome/68.0.3440.106 Safari/537.36"
::1 - - [08/Mar/2019:03:13:02 +0000] "GET / HTTP/1.1" 304 - "http://localhost:3000/pm25" "Mozilla/5.0 (Windows NT 10.0; WOW64) AppleWebKit/537.36 (KHTML, like Gecko) Chrome/68.0.3440.106 Safari/537.36"
::1 - - [08/Mar/2019:03:13:02 +0000] "GET /stylesheets/style.css HTTP/1.1" 304 - "http://localhost:3000/" "Mozilla/5.0 (Windows NT 10.0; WOW64) AppleWebKit/537.36 (KHTML, like Gecko) Chrome/68.0.3440.106 Safari/537.36"
