::1 - - [06/Mar/2019:02:53:48 +0000] "GET /photos HTTP/1.1" 500 1568 "-" "Mozilla/5.0 (Windows NT 10.0; WOW64) AppleWebKit/537.36 (KHTML, like Gecko) Chrome/68.0.3440.106 Safari/537.36"
::1 - - [06/Mar/2019:02:53:48 +0000] "GET /favicon.ico HTTP/1.1" 404 1506 "http://localhost:3000/photos" "Mozilla/5.0 (Windows NT 10.0; WOW64) AppleWebKit/537.36 (KHTML, like Gecko) Chrome/68.0.3440.106 Safari/537.36"
::1 - - [06/Mar/2019:02:55:53 +0000] "GET /photos HTTP/1.1" - - "-" "Mozilla/5.0 (Windows NT 10.0; WOW64) AppleWebKit/537.36 (KHTML, like Gecko) Chrome/68.0.3440.106 Safari/537.36"
::1 - - [06/Mar/2019:02:56:01 +0000] "GET /photos/ HTTP/1.1" - - "-" "Mozilla/5.0 (Windows NT 10.0; WOW64) AppleWebKit/537.36 (KHTML, like Gecko) Chrome/68.0.3440.106 Safari/537.36"
::1 - - [06/Mar/2019:02:56:02 +0000] "GET /pm2.5 HTTP/1.1" 200 5285 "-" "Mozilla/5.0 (Windows NT 10.0; WOW64) AppleWebKit/537.36 (KHTML, like Gecko) Chrome/68.0.3440.106 Safari/537.36"
::1 - - [06/Mar/2019:02:57:07 +0000] "GET /photos HTTP/1.1" 200 41853 "-" "Mozilla/5.0 (Windows NT 10.0; WOW64) AppleWebKit/537.36 (KHTML, like Gecko) Chrome/68.0.3440.106 Safari/537.36"
::1 - - [06/Mar/2019:02:57:07 +0000] "GET /stylesheets/style.css HTTP/1.1" 304 - "http://localhost:3000/photos" "Mozilla/5.0 (Windows NT 10.0; WOW64) AppleWebKit/537.36 (KHTML, like Gecko) Chrome/68.0.3440.106 Safari/537.36"
::1 - - [06/Mar/2019:02:57:21 +0000] "GET /photos/create HTTP/1.1" 500 1833 "-" "Mozilla/5.0 (Windows NT 10.0; WOW64) AppleWebKit/537.36 (KHTML, like Gecko) Chrome/68.0.3440.106 Safari/537.36"
::1 - - [06/Mar/2019:03:06:12 +0000] "POST /photos/create HTTP/1.1" 200 49 "-" "PostmanRuntime/7.6.0"
::1 - - [06/Mar/2019:03:15:52 +0000] "GET /photos HTTP/1.1" 500 2169 "-" "Mozilla/5.0 (Windows NT 10.0; WOW64) AppleWebKit/537.36 (KHTML, like Gecko) Chrome/68.0.3440.106 Safari/537.36"
::1 - - [06/Mar/2019:03:17:04 +0000] "GET /photos HTTP/1.1" - - "-" "Mozilla/5.0 (Windows NT 10.0; WOW64) AppleWebKit/537.36 (KHTML, like Gecko) Chrome/68.0.3440.106 Safari/537.36"
::1 - - [06/Mar/2019:03:17:07 +0000] "GET /photos HTTP/1.1" - - "-" "Mozilla/5.0 (Windows NT 10.0; WOW64) AppleWebKit/537.36 (KHTML, like Gecko) Chrome/68.0.3440.106 Safari/537.36"
::ffff:127.0.0.1 - - [06/Mar/2019:03:17:41 +0000] "GET /photos HTTP/1.1" - - "-" "Mozilla/5.0 (Windows NT 10.0; WOW64) AppleWebKit/537.36 (KHTML, like Gecko) Chrome/68.0.3440.106 Safari/537.36"
::1 - - [06/Mar/2019:03:17:46 +0000] "GET /photos HTTP/1.1" - - "-" "Mozilla/5.0 (Windows NT 10.0; WOW64) AppleWebKit/537.36 (KHTML, like Gecko) Chrome/68.0.3440.106 Safari/537.36"
::1 - - [06/Mar/2019:03:17:47 +0000] "GET /pm2.5 HTTP/1.1" 304 - "-" "Mozilla/5.0 (Windows NT 10.0; WOW64) AppleWebKit/537.36 (KHTML, like Gecko) Chrome/68.0.3440.106 Safari/537.36"
::1 - - [06/Mar/2019:03:18:40 +0000] "GET /photos HTTP/1.1" 500 2169 "-" "Mozilla/5.0 (Windows NT 10.0; WOW64) AppleWebKit/537.36 (KHTML, like Gecko) Chrome/68.0.3440.106 Safari/537.36"
::1 - - [06/Mar/2019:03:19:16 +0000] "GET /photos HTTP/1.1" 500 2169 "-" "Mozilla/5.0 (Windows NT 10.0; WOW64) AppleWebKit/537.36 (KHTML, like Gecko) Chrome/68.0.3440.106 Safari/537.36"
::1 - - [06/Mar/2019:03:19:22 +0000] "GET /photos HTTP/1.1" 500 2169 "-" "Mozilla/5.0 (Windows NT 10.0; WOW64) AppleWebKit/537.36 (KHTML, like Gecko) Chrome/68.0.3440.106 Safari/537.36"
::1 - - [06/Mar/2019:03:19:42 +0000] "GET /photos HTTP/1.1" 500 2169 "-" "Mozilla/5.0 (Windows NT 10.0; WOW64) AppleWebKit/537.36 (KHTML, like Gecko) Chrome/68.0.3440.106 Safari/537.36"
::1 - - [06/Mar/2019:03:20:11 +0000] "GET /photos HTTP/1.1" 500 2169 "-" "Mozilla/5.0 (Windows NT 10.0; WOW64) AppleWebKit/537.36 (KHTML, like Gecko) Chrome/68.0.3440.106 Safari/537.36"
::1 - - [06/Mar/2019:03:23:59 +0000] "GET /photos HTTP/1.1" 500 996 "-" "Mozilla/5.0 (Windows NT 10.0; WOW64) AppleWebKit/537.36 (KHTML, like Gecko) Chrome/68.0.3440.106 Safari/537.36"
::1 - - [06/Mar/2019:03:25:17 +0000] "GET /photos HTTP/1.1" 500 981 "-" "Mozilla/5.0 (Windows NT 10.0; WOW64) AppleWebKit/537.36 (KHTML, like Gecko) Chrome/68.0.3440.106 Safari/537.36"
::1 - - [06/Mar/2019:03:25:36 +0000] "GET /photos HTTP/1.1" 500 1017 "-" "Mozilla/5.0 (Windows NT 10.0; WOW64) AppleWebKit/537.36 (KHTML, like Gecko) Chrome/68.0.3440.106 Safari/537.36"
::1 - - [06/Mar/2019:03:26:41 +0000] "GET /photos HTTP/1.1" 200 222 "-" "Mozilla/5.0 (Windows NT 10.0; WOW64) AppleWebKit/537.36 (KHTML, like Gecko) Chrome/68.0.3440.106 Safari/537.36"
::1 - - [06/Mar/2019:03:26:41 +0000] "GET /stylesheets/style.css HTTP/1.1" 304 - "http://localhost:3000/photos" "Mozilla/5.0 (Windows NT 10.0; WOW64) AppleWebKit/537.36 (KHTML, like Gecko) Chrome/68.0.3440.106 Safari/537.36"
::1 - - [06/Mar/2019:03:26:51 +0000] "GET /stylesheets/style.css HTTP/1.1" 304 - "http://localhost:3000/photos" "Mozilla/5.0 (Windows NT 10.0; WOW64) AppleWebKit/537.36 (KHTML, like Gecko) Chrome/68.0.3440.106 Safari/537.36"
::1 - - [06/Mar/2019:03:27:37 +0000] "GET /photos HTTP/1.1" 304 - "-" "Mozilla/5.0 (Linux; Android 6.0; Nexus 5 Build/MRA58N) AppleWebKit/537.36 (KHTML, like Gecko) Chrome/68.0.3440.106 Mobile Safari/537.36"
::1 - - [06/Mar/2019:03:27:37 +0000] "GET /stylesheets/style.css HTTP/1.1" 304 - "http://localhost:3000/photos" "Mozilla/5.0 (Linux; Android 6.0; Nexus 5 Build/MRA58N) AppleWebKit/537.36 (KHTML, like Gecko) Chrome/68.0.3440.106 Mobile Safari/537.36"
::1 - - [06/Mar/2019:03:28:54 +0000] "GET /photos HTTP/1.1" 304 - "-" "Mozilla/5.0 (Windows NT 10.0; WOW64) AppleWebKit/537.36 (KHTML, like Gecko) Chrome/68.0.3440.106 Safari/537.36"
::1 - - [06/Mar/2019:03:28:54 +0000] "GET /stylesheets/style.css HTTP/1.1" 304 - "http://localhost:3000/photos" "Mozilla/5.0 (Windows NT 10.0; WOW64) AppleWebKit/537.36 (KHTML, like Gecko) Chrome/68.0.3440.106 Safari/537.36"
::1 - - [06/Mar/2019:03:29:43 +0000] "GET /photos/index HTTP/1.1" 404 1494 "-" "Mozilla/5.0 (Windows NT 10.0; WOW64) AppleWebKit/537.36 (KHTML, like Gecko) Chrome/68.0.3440.106 Safari/537.36"
::1 - - [06/Mar/2019:03:30:30 +0000] "GET /photos HTTP/1.1" 304 - "-" "Mozilla/5.0 (Windows NT 10.0; WOW64) AppleWebKit/537.36 (KHTML, like Gecko) Chrome/68.0.3440.106 Safari/537.36"
::1 - - [06/Mar/2019:03:30:35 +0000] "GET /photos HTTP/1.1" 304 - "-" "Mozilla/5.0 (Windows NT 10.0; WOW64) AppleWebKit/537.36 (KHTML, like Gecko) Chrome/68.0.3440.106 Safari/537.36"
::1 - - [06/Mar/2019:03:30:35 +0000] "GET /stylesheets/style.css HTTP/1.1" 304 - "http://localhost:3000/photos" "Mozilla/5.0 (Windows NT 10.0; WOW64) AppleWebKit/537.36 (KHTML, like Gecko) Chrome/68.0.3440.106 Safari/537.36"
::1 - - [06/Mar/2019:03:31:23 +0000] "GET /photos HTTP/1.1" 200 230 "-" "Mozilla/5.0 (Windows NT 10.0; WOW64) AppleWebKit/537.36 (KHTML, like Gecko) Chrome/68.0.3440.106 Safari/537.36"
::1 - - [06/Mar/2019:03:32:28 +0000] "GET /users HTTP/1.1" 304 - "-" "Mozilla/5.0 (Windows NT 10.0; WOW64) AppleWebKit/537.36 (KHTML, like Gecko) Chrome/68.0.3440.106 Safari/537.36"
::1 - - [06/Mar/2019:03:33:17 +0000] "GET /photos HTTP/1.1" 200 10 "-" "Mozilla/5.0 (Windows NT 10.0; WOW64) AppleWebKit/537.36 (KHTML, like Gecko) Chrome/68.0.3440.106 Safari/537.36"
::1 - - [06/Mar/2019:03:33:37 +0000] "GET /photos HTTP/1.1" 500 996 "-" "Mozilla/5.0 (Windows NT 10.0; WOW64) AppleWebKit/537.36 (KHTML, like Gecko) Chrome/68.0.3440.106 Safari/537.36"
::1 - - [06/Mar/2019:03:34:34 +0000] "GET /pm2.5 HTTP/1.1" 304 - "-" "Mozilla/5.0 (Windows NT 10.0; WOW64) AppleWebKit/537.36 (KHTML, like Gecko) Chrome/68.0.3440.106 Safari/537.36"
::1 - - [06/Mar/2019:03:41:07 +0000] "GET /photos HTTP/1.1" 200 512 "-" "Mozilla/5.0 (Windows NT 10.0; WOW64) AppleWebKit/537.36 (KHTML, like Gecko) Chrome/68.0.3440.106 Safari/537.36"
::1 - - [06/Mar/2019:03:41:07 +0000] "GET /stylesheets/style.css HTTP/1.1" 304 - "http://localhost:3000/photos" "Mozilla/5.0 (Windows NT 10.0; WOW64) AppleWebKit/537.36 (KHTML, like Gecko) Chrome/68.0.3440.106 Safari/537.36"
::1 - - [06/Mar/2019:03:45:03 +0000] "GET /photos/create HTTP/1.1" 500 1833 "-" "Mozilla/5.0 (Windows NT 10.0; WOW64) AppleWebKit/537.36 (KHTML, like Gecko) Chrome/68.0.3440.106 Safari/537.36"
::1 - - [06/Mar/2019:03:45:30 +0000] "GET /photos/create HTTP/1.1" 200 402 "-" "Mozilla/5.0 (Windows NT 10.0; WOW64) AppleWebKit/537.36 (KHTML, like Gecko) Chrome/68.0.3440.106 Safari/537.36"
::1 - - [06/Mar/2019:03:45:30 +0000] "GET /stylesheets/style.css HTTP/1.1" 304 - "http://localhost:3000/photos/create" "Mozilla/5.0 (Windows NT 10.0; WOW64) AppleWebKit/537.36 (KHTML, like Gecko) Chrome/68.0.3440.106 Safari/537.36"
::1 - - [06/Mar/2019:03:52:42 +0000] "GET /photos/create HTTP/1.1" 200 392 "-" "Mozilla/5.0 (Windows NT 10.0; WOW64) AppleWebKit/537.36 (KHTML, like Gecko) Chrome/68.0.3440.106 Safari/537.36"
::1 - - [06/Mar/2019:03:52:42 +0000] "GET /stylesheets/style.css HTTP/1.1" 304 - "http://localhost:3000/photos/create" "Mozilla/5.0 (Windows NT 10.0; WOW64) AppleWebKit/537.36 (KHTML, like Gecko) Chrome/68.0.3440.106 Safari/537.36"
::1 - - [06/Mar/2019:03:55:23 +0000] "GET /photos/create HTTP/1.1" 304 - "-" "Mozilla/5.0 (Windows NT 10.0; WOW64) AppleWebKit/537.36 (KHTML, like Gecko) Chrome/68.0.3440.106 Safari/537.36"
::1 - - [06/Mar/2019:03:55:23 +0000] "GET /stylesheets/style.css HTTP/1.1" 304 - "http://localhost:3000/photos/create" "Mozilla/5.0 (Windows NT 10.0; WOW64) AppleWebKit/537.36 (KHTML, like Gecko) Chrome/68.0.3440.106 Safari/537.36"
::1 - - [06/Mar/2019:03:55:39 +0000] "GET /photos/create?name=dog&path=https%3A%2F%2Fss2.bdstatic.com%2F70cFvnSh_Q1YnxGkpoWK1HF6hhy%2Fit%2Fu%3D391081212%2C2756153018%26fm%3D27%26gp%3D0.jpg HTTP/1.1" 200 392 "http://localhost:3000/photos/create" "Mozilla/5.0 (Windows NT 10.0; WOW64) AppleWebKit/537.36 (KHTML, like Gecko) Chrome/68.0.3440.106 Safari/537.36"
::1 - - [06/Mar/2019:03:55:39 +0000] "GET /stylesheets/style.css HTTP/1.1" 304 - "http://localhost:3000/photos/create?name=dog&path=https%3A%2F%2Fss2.bdstatic.com%2F70cFvnSh_Q1YnxGkpoWK1HF6hhy%2Fit%2Fu%3D391081212%2C2756153018%26fm%3D27%26gp%3D0.jpg" "Mozilla/5.0 (Windows NT 10.0; WOW64) AppleWebKit/537.36 (KHTML, like Gecko) Chrome/68.0.3440.106 Safari/537.36"
::1 - - [06/Mar/2019:03:56:00 +0000] "GET /photos/ HTTP/1.1" 200 512 "-" "Mozilla/5.0 (Windows NT 10.0; WOW64) AppleWebKit/537.36 (KHTML, like Gecko) Chrome/68.0.3440.106 Safari/537.36"
::1 - - [06/Mar/2019:03:56:00 +0000] "GET /stylesheets/style.css HTTP/1.1" 304 - "http://localhost:3000/photos/" "Mozilla/5.0 (Windows NT 10.0; WOW64) AppleWebKit/537.36 (KHTML, like Gecko) Chrome/68.0.3440.106 Safari/537.36"
::1 - - [06/Mar/2019:03:57:34 +0000] "GET /photos/create HTTP/1.1" 200 406 "-" "Mozilla/5.0 (Windows NT 10.0; WOW64) AppleWebKit/537.36 (KHTML, like Gecko) Chrome/68.0.3440.106 Safari/537.36"
::1 - - [06/Mar/2019:03:57:34 +0000] "GET /stylesheets/style.css HTTP/1.1" 304 - "http://localhost:3000/photos/create" "Mozilla/5.0 (Windows NT 10.0; WOW64) AppleWebKit/537.36 (KHTML, like Gecko) Chrome/68.0.3440.106 Safari/537.36"
::1 - - [06/Mar/2019:03:57:46 +0000] "POST /photos/create HTTP/1.1" 200 49 "http://localhost:3000/photos/create" "Mozilla/5.0 (Windows NT 10.0; WOW64) AppleWebKit/537.36 (KHTML, like Gecko) Chrome/68.0.3440.106 Safari/537.36"
::1 - - [06/Mar/2019:03:57:48 +0000] "GET / HTTP/1.1" 304 - "http://localhost:3000/photos/create" "Mozilla/5.0 (Windows NT 10.0; WOW64) AppleWebKit/537.36 (KHTML, like Gecko) Chrome/68.0.3440.106 Safari/537.36"
::1 - - [06/Mar/2019:03:57:48 +0000] "GET /stylesheets/style.css HTTP/1.1" 304 - "http://localhost:3000/" "Mozilla/5.0 (Windows NT 10.0; WOW64) AppleWebKit/537.36 (KHTML, like Gecko) Chrome/68.0.3440.106 Safari/537.36"
::1 - - [06/Mar/2019:03:57:54 +0000] "GET /photos HTTP/1.1" 200 715 "-" "Mozilla/5.0 (Windows NT 10.0; WOW64) AppleWebKit/537.36 (KHTML, like Gecko) Chrome/68.0.3440.106 Safari/537.36"
::1 - - [06/Mar/2019:03:57:54 +0000] "GET /stylesheets/style.css HTTP/1.1" 304 - "http://localhost:3000/photos" "Mozilla/5.0 (Windows NT 10.0; WOW64) AppleWebKit/537.36 (KHTML, like Gecko) Chrome/68.0.3440.106 Safari/537.36"
::1 - - [06/Mar/2019:06:20:44 +0000] "GET /photos HTTP/1.1" 304 - "-" "Mozilla/5.0 (Windows NT 10.0; WOW64) AppleWebKit/537.36 (KHTML, like Gecko) Chrome/68.0.3440.106 Safari/537.36"
::1 - - [06/Mar/2019:06:20:44 +0000] "GET /stylesheets/style.css HTTP/1.1" 304 - "http://localhost:3000/photos" "Mozilla/5.0 (Windows NT 10.0; WOW64) AppleWebKit/537.36 (KHTML, like Gecko) Chrome/68.0.3440.106 Safari/537.36"
::1 - - [06/Mar/2019:06:20:47 +0000] "GET /photos/create HTTP/1.1" 200 406 "-" "Mozilla/5.0 (Windows NT 10.0; WOW64) AppleWebKit/537.36 (KHTML, like Gecko) Chrome/68.0.3440.106 Safari/537.36"
::1 - - [06/Mar/2019:06:20:47 +0000] "GET /stylesheets/style.css HTTP/1.1" 304 - "http://localhost:3000/photos/create" "Mozilla/5.0 (Windows NT 10.0; WOW64) AppleWebKit/537.36 (KHTML, like Gecko) Chrome/68.0.3440.106 Safari/537.36"
::1 - - [06/Mar/2019:06:22:24 +0000] "GET /photos/create HTTP/1.1" 304 - "-" "Mozilla/5.0 (Windows NT 10.0; WOW64) AppleWebKit/537.36 (KHTML, like Gecko) Chrome/68.0.3440.106 Safari/537.36"
::1 - - [06/Mar/2019:06:22:24 +0000] "GET /stylesheets/style.css HTTP/1.1" 304 - "http://localhost:3000/photos/create" "Mozilla/5.0 (Windows NT 10.0; WOW64) AppleWebKit/537.36 (KHTML, like Gecko) Chrome/68.0.3440.106 Safari/537.36"
::1 - - [06/Mar/2019:06:22:28 +0000] "POST /photos/create HTTP/1.1" 200 49 "http://localhost:3000/photos/create" "Mozilla/5.0 (Windows NT 10.0; WOW64) AppleWebKit/537.36 (KHTML, like Gecko) Chrome/68.0.3440.106 Safari/537.36"
::1 - - [06/Mar/2019:06:22:30 +0000] "GET / HTTP/1.1" 304 - "http://localhost:3000/photos/create" "Mozilla/5.0 (Windows NT 10.0; WOW64) AppleWebKit/537.36 (KHTML, like Gecko) Chrome/68.0.3440.106 Safari/537.36"
::1 - - [06/Mar/2019:06:22:30 +0000] "GET /stylesheets/style.css HTTP/1.1" 304 - "http://localhost:3000/" "Mozilla/5.0 (Windows NT 10.0; WOW64) AppleWebKit/537.36 (KHTML, like Gecko) Chrome/68.0.3440.106 Safari/537.36"
::1 - - [06/Mar/2019:06:22:35 +0000] "GET /photos HTTP/1.1" 200 919 "-" "Mozilla/5.0 (Windows NT 10.0; WOW64) AppleWebKit/537.36 (KHTML, like Gecko) Chrome/68.0.3440.106 Safari/537.36"
::1 - - [06/Mar/2019:06:22:35 +0000] "GET /stylesheets/style.css HTTP/1.1" 304 - "http://localhost:3000/photos" "Mozilla/5.0 (Windows NT 10.0; WOW64) AppleWebKit/537.36 (KHTML, like Gecko) Chrome/68.0.3440.106 Safari/537.36"
::1 - - [06/Mar/2019:06:22:44 +0000] "GET / HTTP/1.1" 304 - "-" "Mozilla/5.0 (Windows NT 10.0; WOW64) AppleWebKit/537.36 (KHTML, like Gecko) Chrome/68.0.3440.106 Safari/537.36"
::1 - - [06/Mar/2019:06:22:44 +0000] "GET /stylesheets/style.css HTTP/1.1" 304 - "http://localhost:3000/" "Mozilla/5.0 (Windows NT 10.0; WOW64) AppleWebKit/537.36 (KHTML, like Gecko) Chrome/68.0.3440.106 Safari/537.36"
::1 - - [06/Mar/2019:06:30:36 +0000] "GET /photos/search HTTP/1.1" 200 381 "-" "Mozilla/5.0 (Windows NT 10.0; WOW64) AppleWebKit/537.36 (KHTML, like Gecko) Chrome/68.0.3440.106 Safari/537.36"
::1 - - [06/Mar/2019:06:30:36 +0000] "GET /stylesheets/style.css HTTP/1.1" 304 - "http://localhost:3000/photos/search" "Mozilla/5.0 (Windows NT 10.0; WOW64) AppleWebKit/537.36 (KHTML, like Gecko) Chrome/68.0.3440.106 Safari/537.36"
::1 - - [06/Mar/2019:06:30:40 +0000] "POST /photos/search HTTP/1.1" 500 2381 "http://localhost:3000/photos/search" "Mozilla/5.0 (Windows NT 10.0; WOW64) AppleWebKit/537.36 (KHTML, like Gecko) Chrome/68.0.3440.106 Safari/537.36"
::1 - - [06/Mar/2019:06:30:59 +0000] "POST /photos/search HTTP/1.1" 200 251 "http://localhost:3000/photos/search" "Mozilla/5.0 (Windows NT 10.0; WOW64) AppleWebKit/537.36 (KHTML, like Gecko) Chrome/68.0.3440.106 Safari/537.36"
::1 - - [06/Mar/2019:06:30:59 +0000] "GET /stylesheets/style.css HTTP/1.1" 304 - "http://localhost:3000/photos/search" "Mozilla/5.0 (Windows NT 10.0; WOW64) AppleWebKit/537.36 (KHTML, like Gecko) Chrome/68.0.3440.106 Safari/537.36"
::1 - - [06/Mar/2019:06:32:57 +0000] "GET /photos/search HTTP/1.1" 200 381 "-" "Mozilla/5.0 (Windows NT 10.0; WOW64) AppleWebKit/537.36 (KHTML, like Gecko) Chrome/68.0.3440.106 Safari/537.36"
::1 - - [06/Mar/2019:06:33:00 +0000] "POST /photos/search HTTP/1.1" 200 251 "http://localhost:3000/photos/search" "Mozilla/5.0 (Windows NT 10.0; WOW64) AppleWebKit/537.36 (KHTML, like Gecko) Chrome/68.0.3440.106 Safari/537.36"
::1 - - [06/Mar/2019:06:33:00 +0000] "GET /stylesheets/style.css HTTP/1.1" 304 - "http://localhost:3000/photos/search" "Mozilla/5.0 (Windows NT 10.0; WOW64) AppleWebKit/537.36 (KHTML, like Gecko) Chrome/68.0.3440.106 Safari/537.36"
::1 - - [06/Mar/2019:06:34:33 +0000] "POST /photos/search HTTP/1.1" 200 251 "http://localhost:3000/photos/search" "Mozilla/5.0 (Windows NT 10.0; WOW64) AppleWebKit/537.36 (KHTML, like Gecko) Chrome/68.0.3440.106 Safari/537.36"
::1 - - [06/Mar/2019:06:34:33 +0000] "GET /stylesheets/style.css HTTP/1.1" 304 - "http://localhost:3000/photos/search" "Mozilla/5.0 (Windows NT 10.0; WOW64) AppleWebKit/537.36 (KHTML, like Gecko) Chrome/68.0.3440.106 Safari/537.36"
::1 - - [06/Mar/2019:06:34:35 +0000] "GET /photos/search HTTP/1.1" 200 381 "-" "Mozilla/5.0 (Windows NT 10.0; WOW64) AppleWebKit/537.36 (KHTML, like Gecko) Chrome/68.0.3440.106 Safari/537.36"
::1 - - [06/Mar/2019:06:34:42 +0000] "GET /photos/search HTTP/1.1" 304 - "-" "Mozilla/5.0 (Windows NT 10.0; WOW64) AppleWebKit/537.36 (KHTML, like Gecko) Chrome/68.0.3440.106 Safari/537.36"
::1 - - [06/Mar/2019:06:34:42 +0000] "GET /stylesheets/style.css HTTP/1.1" 304 - "http://localhost:3000/photos/search" "Mozilla/5.0 (Windows NT 10.0; WOW64) AppleWebKit/537.36 (KHTML, like Gecko) Chrome/68.0.3440.106 Safari/537.36"
::1 - - [06/Mar/2019:06:34:45 +0000] "POST /photos/search HTTP/1.1" 200 251 "http://localhost:3000/photos/search" "Mozilla/5.0 (Windows NT 10.0; WOW64) AppleWebKit/537.36 (KHTML, like Gecko) Chrome/68.0.3440.106 Safari/537.36"
::1 - - [06/Mar/2019:06:34:45 +0000] "GET /stylesheets/style.css HTTP/1.1" 304 - "http://localhost:3000/photos/search" "Mozilla/5.0 (Windows NT 10.0; WOW64) AppleWebKit/537.36 (KHTML, like Gecko) Chrome/68.0.3440.106 Safari/537.36"
::1 - - [06/Mar/2019:06:37:29 +0000] "GET /photos/search HTTP/1.1" 200 381 "-" "Mozilla/5.0 (Windows NT 10.0; WOW64) AppleWebKit/537.36 (KHTML, like Gecko) Chrome/68.0.3440.106 Safari/537.36"
::1 - - [06/Mar/2019:06:37:31 +0000] "POST /photos/search HTTP/1.1" 200 455 "http://localhost:3000/photos/search" "Mozilla/5.0 (Windows NT 10.0; WOW64) AppleWebKit/537.36 (KHTML, like Gecko) Chrome/68.0.3440.106 Safari/537.36"
::1 - - [06/Mar/2019:06:37:31 +0000] "GET /stylesheets/style.css HTTP/1.1" 304 - "http://localhost:3000/photos/search" "Mozilla/5.0 (Windows NT 10.0; WOW64) AppleWebKit/537.36 (KHTML, like Gecko) Chrome/68.0.3440.106 Safari/537.36"
::1 - - [06/Mar/2019:06:37:33 +0000] "GET /photos/search HTTP/1.1" 200 381 "-" "Mozilla/5.0 (Windows NT 10.0; WOW64) AppleWebKit/537.36 (KHTML, like Gecko) Chrome/68.0.3440.106 Safari/537.36"
::1 - - [06/Mar/2019:06:38:34 +0000] "GET /photos/search HTTP/1.1" 304 - "-" "Mozilla/5.0 (Windows NT 10.0; WOW64) AppleWebKit/537.36 (KHTML, like Gecko) Chrome/68.0.3440.106 Safari/537.36"
::1 - - [06/Mar/2019:06:38:34 +0000] "GET /stylesheets/style.css HTTP/1.1" 304 - "http://localhost:3000/photos/search" "Mozilla/5.0 (Windows NT 10.0; WOW64) AppleWebKit/537.36 (KHTML, like Gecko) Chrome/68.0.3440.106 Safari/537.36"
::1 - - [06/Mar/2019:06:38:38 +0000] "POST /photos/search HTTP/1.1" 200 455 "http://localhost:3000/photos/search" "Mozilla/5.0 (Windows NT 10.0; WOW64) AppleWebKit/537.36 (KHTML, like Gecko) Chrome/68.0.3440.106 Safari/537.36"
::1 - - [06/Mar/2019:06:38:38 +0000] "GET /stylesheets/style.css HTTP/1.1" 304 - "http://localhost:3000/photos/search" "Mozilla/5.0 (Windows NT 10.0; WOW64) AppleWebKit/537.36 (KHTML, like Gecko) Chrome/68.0.3440.106 Safari/537.36"
::1 - - [06/Mar/2019:06:38:40 +0000] "GET /photos/search HTTP/1.1" 200 381 "-" "Mozilla/5.0 (Windows NT 10.0; WOW64) AppleWebKit/537.36 (KHTML, like Gecko) Chrome/68.0.3440.106 Safari/537.36"
::1 - - [06/Mar/2019:06:38:57 +0000] "GET /photos/create HTTP/1.1" 200 406 "-" "Mozilla/5.0 (Windows NT 10.0; WOW64) AppleWebKit/537.36 (KHTML, like Gecko) Chrome/68.0.3440.106 Safari/537.36"
::1 - - [06/Mar/2019:06:38:57 +0000] "GET /stylesheets/style.css HTTP/1.1" 304 - "http://localhost:3000/photos/create" "Mozilla/5.0 (Windows NT 10.0; WOW64) AppleWebKit/537.36 (KHTML, like Gecko) Chrome/68.0.3440.106 Safari/537.36"
::1 - - [06/Mar/2019:06:39:31 +0000] "POST /photos/create HTTP/1.1" 200 55 "http://localhost:3000/photos/create" "Mozilla/5.0 (Windows NT 10.0; WOW64) AppleWebKit/537.36 (KHTML, like Gecko) Chrome/68.0.3440.106 Safari/537.36"
::1 - - [06/Mar/2019:06:39:33 +0000] "GET /photos HTTP/1.1" 200 1124 "http://localhost:3000/photos/create" "Mozilla/5.0 (Windows NT 10.0; WOW64) AppleWebKit/537.36 (KHTML, like Gecko) Chrome/68.0.3440.106 Safari/537.36"
::1 - - [06/Mar/2019:06:39:33 +0000] "GET /stylesheets/style.css HTTP/1.1" 304 - "http://localhost:3000/photos" "Mozilla/5.0 (Windows NT 10.0; WOW64) AppleWebKit/537.36 (KHTML, like Gecko) Chrome/68.0.3440.106 Safari/537.36"
::1 - - [06/Mar/2019:06:39:38 +0000] "GET /photos/search HTTP/1.1" 304 - "-" "Mozilla/5.0 (Windows NT 10.0; WOW64) AppleWebKit/537.36 (KHTML, like Gecko) Chrome/68.0.3440.106 Safari/537.36"
::1 - - [06/Mar/2019:06:39:38 +0000] "GET /stylesheets/style.css HTTP/1.1" 304 - "http://localhost:3000/photos/search" "Mozilla/5.0 (Windows NT 10.0; WOW64) AppleWebKit/537.36 (KHTML, like Gecko) Chrome/68.0.3440.106 Safari/537.36"
::1 - - [06/Mar/2019:06:39:41 +0000] "POST /photos/search HTTP/1.1" 200 659 "http://localhost:3000/photos/search" "Mozilla/5.0 (Windows NT 10.0; WOW64) AppleWebKit/537.36 (KHTML, like Gecko) Chrome/68.0.3440.106 Safari/537.36"
::1 - - [06/Mar/2019:06:39:41 +0000] "GET /stylesheets/style.css HTTP/1.1" 304 - "http://localhost:3000/photos/search" "Mozilla/5.0 (Windows NT 10.0; WOW64) AppleWebKit/537.36 (KHTML, like Gecko) Chrome/68.0.3440.106 Safari/537.36"
::1 - - [06/Mar/2019:06:39:43 +0000] "GET /photos/search HTTP/1.1" 200 381 "-" "Mozilla/5.0 (Windows NT 10.0; WOW64) AppleWebKit/537.36 (KHTML, like Gecko) Chrome/68.0.3440.106 Safari/537.36"
::1 - - [06/Mar/2019:07:02:38 +0000] "GET /photos HTTP/1.1" 200 1602 "-" "Mozilla/5.0 (Windows NT 10.0; WOW64) AppleWebKit/537.36 (KHTML, like Gecko) Chrome/68.0.3440.106 Safari/537.36"
::1 - - [06/Mar/2019:07:02:38 +0000] "GET /stylesheets/style.css HTTP/1.1" 304 - "http://localhost:3000/photos" "Mozilla/5.0 (Windows NT 10.0; WOW64) AppleWebKit/537.36 (KHTML, like Gecko) Chrome/68.0.3440.106 Safari/537.36"
::1 - - [06/Mar/2019:07:25:18 +0000] "GET /photos HTTP/1.1" 200 1898 "-" "Mozilla/5.0 (Windows NT 10.0; WOW64) AppleWebKit/537.36 (KHTML, like Gecko) Chrome/68.0.3440.106 Safari/537.36"
::1 - - [06/Mar/2019:07:25:18 +0000] "GET /stylesheets/style.css HTTP/1.1" 304 - "http://localhost:3000/photos" "Mozilla/5.0 (Windows NT 10.0; WOW64) AppleWebKit/537.36 (KHTML, like Gecko) Chrome/68.0.3440.106 Safari/537.36"
::1 - - [06/Mar/2019:07:25:20 +0000] "GET /del?id= HTTP/1.1" 404 1506 "http://localhost:3000/photos" "Mozilla/5.0 (Windows NT 10.0; WOW64) AppleWebKit/537.36 (KHTML, like Gecko) Chrome/68.0.3440.106 Safari/537.36"
::1 - - [06/Mar/2019:07:29:01 +0000] "GET / HTTP/1.1" 304 - "-" "Mozilla/5.0 (Windows NT 10.0; WOW64) AppleWebKit/537.36 (KHTML, like Gecko) Chrome/68.0.3440.106 Safari/537.36"
::1 - - [06/Mar/2019:07:29:01 +0000] "GET /stylesheets/style.css HTTP/1.1" 304 - "http://localhost:3000/" "Mozilla/5.0 (Windows NT 10.0; WOW64) AppleWebKit/537.36 (KHTML, like Gecko) Chrome/68.0.3440.106 Safari/537.36"
::1 - - [06/Mar/2019:07:29:05 +0000] "GET /pm2.5 HTTP/1.1" 200 5311 "-" "Mozilla/5.0 (Windows NT 10.0; WOW64) AppleWebKit/537.36 (KHTML, like Gecko) Chrome/68.0.3440.106 Safari/537.36"
::1 - - [06/Mar/2019:07:29:12 +0000] "GET /photos HTTP/1.1" 200 1122 "-" "Mozilla/5.0 (Windows NT 10.0; WOW64) AppleWebKit/537.36 (KHTML, like Gecko) Chrome/68.0.3440.106 Safari/537.36"
::1 - - [06/Mar/2019:07:29:12 +0000] "GET /stylesheets/style.css HTTP/1.1" 304 - "http://localhost:3000/photos" "Mozilla/5.0 (Windows NT 10.0; WOW64) AppleWebKit/537.36 (KHTML, like Gecko) Chrome/68.0.3440.106 Safari/537.36"
::1 - - [06/Mar/2019:07:29:22 +0000] "GET /photos/create HTTP/1.1" 200 406 "-" "Mozilla/5.0 (Windows NT 10.0; WOW64) AppleWebKit/537.36 (KHTML, like Gecko) Chrome/68.0.3440.106 Safari/537.36"
::1 - - [06/Mar/2019:07:29:22 +0000] "GET /stylesheets/style.css HTTP/1.1" 304 - "http://localhost:3000/photos/create" "Mozilla/5.0 (Windows NT 10.0; WOW64) AppleWebKit/537.36 (KHTML, like Gecko) Chrome/68.0.3440.106 Safari/537.36"
::ffff:127.0.0.1 - - [06/Mar/2019:07:30:00 +0000] "POST /photos/create HTTP/1.1" 200 55 "http://localhost:3000/photos/create" "Mozilla/5.0 (Windows NT 10.0; WOW64) AppleWebKit/537.36 (KHTML, like Gecko) Chrome/68.0.3440.106 Safari/537.36"
::ffff:127.0.0.1 - - [06/Mar/2019:07:30:05 +0000] "GET /photos HTTP/1.1" 200 1364 "http://localhost:3000/photos/create" "Mozilla/5.0 (Windows NT 10.0; WOW64) AppleWebKit/537.36 (KHTML, like Gecko) Chrome/68.0.3440.106 Safari/537.36"
::ffff:127.0.0.1 - - [06/Mar/2019:07:30:05 +0000] "GET /stylesheets/style.css HTTP/1.1" 304 - "http://localhost:3000/photos" "Mozilla/5.0 (Windows NT 10.0; WOW64) AppleWebKit/537.36 (KHTML, like Gecko) Chrome/68.0.3440.106 Safari/537.36"
::1 - - [06/Mar/2019:07:30:59 +0000] "GET /photos/search HTTP/1.1" 304 - "-" "Mozilla/5.0 (Windows NT 10.0; WOW64) AppleWebKit/537.36 (KHTML, like Gecko) Chrome/68.0.3440.106 Safari/537.36"
::1 - - [06/Mar/2019:07:30:59 +0000] "GET /stylesheets/style.css HTTP/1.1" 304 - "http://localhost:3000/photos/search" "Mozilla/5.0 (Windows NT 10.0; WOW64) AppleWebKit/537.36 (KHTML, like Gecko) Chrome/68.0.3440.106 Safari/537.36"
::1 - - [06/Mar/2019:07:31:02 +0000] "POST /photos/search HTTP/1.1" 200 491 "http://localhost:3000/photos/search" "Mozilla/5.0 (Windows NT 10.0; WOW64) AppleWebKit/537.36 (KHTML, like Gecko) Chrome/68.0.3440.106 Safari/537.36"
::1 - - [06/Mar/2019:07:31:02 +0000] "GET /stylesheets/style.css HTTP/1.1" 304 - "http://localhost:3000/photos/search" "Mozilla/5.0 (Windows NT 10.0; WOW64) AppleWebKit/537.36 (KHTML, like Gecko) Chrome/68.0.3440.106 Safari/537.36"
::1 - - [06/Mar/2019:07:31:05 +0000] "GET /photos/search HTTP/1.1" 200 381 "-" "Mozilla/5.0 (Windows NT 10.0; WOW64) AppleWebKit/537.36 (KHTML, like Gecko) Chrome/68.0.3440.106 Safari/537.36"
::1 - - [06/Mar/2019:07:57:39 +0000] "GET /pm2.5 HTTP/1.1" 500 1419 "-" "Mozilla/5.0 (Windows NT 10.0; WOW64) AppleWebKit/537.36 (KHTML, like Gecko) Chrome/68.0.3440.106 Safari/537.36"
::1 - - [06/Mar/2019:07:58:44 +0000] "GET /pm2.5 HTTP/1.1" 500 1419 "-" "Mozilla/5.0 (Windows NT 10.0; WOW64) AppleWebKit/537.36 (KHTML, like Gecko) Chrome/68.0.3440.106 Safari/537.36"
::1 - - [06/Mar/2019:07:59:16 +0000] "GET /pm2.5 HTTP/1.1" 500 1835 "-" "Mozilla/5.0 (Windows NT 10.0; WOW64) AppleWebKit/537.36 (KHTML, like Gecko) Chrome/68.0.3440.106 Safari/537.36"
::1 - - [06/Mar/2019:08:00:28 +0000] "GET /pm2.5 HTTP/1.1" 500 1419 "-" "Mozilla/5.0 (Windows NT 10.0; WOW64) AppleWebKit/537.36 (KHTML, like Gecko) Chrome/68.0.3440.106 Safari/537.36"
::1 - - [06/Mar/2019:08:00:41 +0000] "GET /pm2.5 HTTP/1.1" 500 1820 "-" "Mozilla/5.0 (Windows NT 10.0; WOW64) AppleWebKit/537.36 (KHTML, like Gecko) Chrome/68.0.3440.106 Safari/537.36"
::1 - - [06/Mar/2019:08:03:03 +0000] "GET /pm2.5 HTTP/1.1" 404 1506 "-" "Mozilla/5.0 (Windows NT 10.0; WOW64) AppleWebKit/537.36 (KHTML, like Gecko) Chrome/68.0.3440.106 Safari/537.36"
::1 - - [06/Mar/2019:08:03:05 +0000] "GET /pm25 HTTP/1.1" 500 1813 "-" "Mozilla/5.0 (Windows NT 10.0; WOW64) AppleWebKit/537.36 (KHTML, like Gecko) Chrome/68.0.3440.106 Safari/537.36"
::1 - - [06/Mar/2019:08:03:07 +0000] "GET /pm25 HTTP/1.1" 500 1813 "-" "Mozilla/5.0 (Windows NT 10.0; WOW64) AppleWebKit/537.36 (KHTML, like Gecko) Chrome/68.0.3440.106 Safari/537.36"
::1 - - [06/Mar/2019:08:03:35 +0000] "GET /pm25 HTTP/1.1" 500 1801 "-" "Mozilla/5.0 (Windows NT 10.0; WOW64) AppleWebKit/537.36 (KHTML, like Gecko) Chrome/68.0.3440.106 Safari/537.36"
::1 - - [06/Mar/2019:08:03:54 +0000] "GET /pm25 HTTP/1.1" 200 377 "-" "Mozilla/5.0 (Windows NT 10.0; WOW64) AppleWebKit/537.36 (KHTML, like Gecko) Chrome/68.0.3440.106 Safari/537.36"
::1 - - [06/Mar/2019:08:03:54 +0000] "GET /stylesheets/style.css HTTP/1.1" 304 - "http://localhost:3000/pm25" "Mozilla/5.0 (Windows NT 10.0; WOW64) AppleWebKit/537.36 (KHTML, like Gecko) Chrome/68.0.3440.106 Safari/537.36"
::1 - - [06/Mar/2019:08:04:06 +0000] "GET /pm25 HTTP/1.1" 200 383 "-" "Mozilla/5.0 (Windows NT 10.0; WOW64) AppleWebKit/537.36 (KHTML, like Gecko) Chrome/68.0.3440.106 Safari/537.36"
::1 - - [06/Mar/2019:08:04:06 +0000] "GET /stylesheets/style.css HTTP/1.1" 304 - "http://localhost:3000/pm25" "Mozilla/5.0 (Windows NT 10.0; WOW64) AppleWebKit/537.36 (KHTML, like Gecko) Chrome/68.0.3440.106 Safari/537.36"
::1 - - [06/Mar/2019:08:04:10 +0000] "POST /pm25 HTTP/1.1" 200 5278 "http://localhost:3000/pm25" "Mozilla/5.0 (Windows NT 10.0; WOW64) AppleWebKit/537.36 (KHTML, like Gecko) Chrome/68.0.3440.106 Safari/537.36"
::1 - - [06/Mar/2019:08:04:29 +0000] "GET /pm25 HTTP/1.1" 200 383 "-" "Mozilla/5.0 (Windows NT 10.0; WOW64) AppleWebKit/537.36 (KHTML, like Gecko) Chrome/68.0.3440.106 Safari/537.36"
::1 - - [06/Mar/2019:08:04:31 +0000] "POST /pm25 HTTP/1.1" 200 5278 "http://localhost:3000/pm25" "Mozilla/5.0 (Windows NT 10.0; WOW64) AppleWebKit/537.36 (KHTML, like Gecko) Chrome/68.0.3440.106 Safari/537.36"
::1 - - [06/Mar/2019:08:04:50 +0000] "GET /pm25 HTTP/1.1" 200 383 "-" "Mozilla/5.0 (Windows NT 10.0; WOW64) AppleWebKit/537.36 (KHTML, like Gecko) Chrome/68.0.3440.106 Safari/537.36"
::1 - - [06/Mar/2019:08:04:50 +0000] "GET /stylesheets/style.css HTTP/1.1" 304 - "http://localhost:3000/pm25" "Mozilla/5.0 (Windows NT 10.0; WOW64) AppleWebKit/537.36 (KHTML, like Gecko) Chrome/68.0.3440.106 Safari/537.36"
::1 - - [06/Mar/2019:08:04:52 +0000] "POST /pm25 HTTP/1.1" 200 5278 "http://localhost:3000/pm25" "Mozilla/5.0 (Windows NT 10.0; WOW64) AppleWebKit/537.36 (KHTML, like Gecko) Chrome/68.0.3440.106 Safari/537.36"
::1 - - [06/Mar/2019:08:05:25 +0000] "GET /pm25 HTTP/1.1" 200 383 "-" "Mozilla/5.0 (Windows NT 10.0; WOW64) AppleWebKit/537.36 (KHTML, like Gecko) Chrome/68.0.3440.106 Safari/537.36"
::1 - - [06/Mar/2019:08:05:26 +0000] "POST /pm25 HTTP/1.1" 200 5278 "http://localhost:3000/pm25" "Mozilla/5.0 (Windows NT 10.0; WOW64) AppleWebKit/537.36 (KHTML, like Gecko) Chrome/68.0.3440.106 Safari/537.36"
::1 - - [06/Mar/2019:08:05:47 +0000] "GET /pm25 HTTP/1.1" 200 383 "-" "Mozilla/5.0 (Windows NT 10.0; WOW64) AppleWebKit/537.36 (KHTML, like Gecko) Chrome/68.0.3440.106 Safari/537.36"
::1 - - [06/Mar/2019:08:05:47 +0000] "GET /stylesheets/style.css HTTP/1.1" 304 - "http://localhost:3000/pm25" "Mozilla/5.0 (Windows NT 10.0; WOW64) AppleWebKit/537.36 (KHTML, like Gecko) Chrome/68.0.3440.106 Safari/537.36"
::1 - - [06/Mar/2019:08:05:49 +0000] "POST /pm25 HTTP/1.1" 200 5278 "http://localhost:3000/pm25" "Mozilla/5.0 (Windows NT 10.0; WOW64) AppleWebKit/537.36 (KHTML, like Gecko) Chrome/68.0.3440.106 Safari/537.36"
::1 - - [06/Mar/2019:08:06:56 +0000] "GET /pm25 HTTP/1.1" 200 383 "-" "Mozilla/5.0 (Windows NT 10.0; WOW64) AppleWebKit/537.36 (KHTML, like Gecko) Chrome/68.0.3440.106 Safari/537.36"
::1 - - [06/Mar/2019:08:06:57 +0000] "POST /pm25 HTTP/1.1" 200 5278 "http://localhost:3000/pm25" "Mozilla/5.0 (Windows NT 10.0; WOW64) AppleWebKit/537.36 (KHTML, like Gecko) Chrome/68.0.3440.106 Safari/537.36"
::1 - - [06/Mar/2019:08:07:49 +0000] "GET /pm25 HTTP/1.1" 200 383 "-" "Mozilla/5.0 (Windows NT 10.0; WOW64) AppleWebKit/537.36 (KHTML, like Gecko) Chrome/68.0.3440.106 Safari/537.36"
::1 - - [06/Mar/2019:08:07:51 +0000] "POST /pm25 HTTP/1.1" 200 5278 "http://localhost:3000/pm25" "Mozilla/5.0 (Windows NT 10.0; WOW64) AppleWebKit/537.36 (KHTML, like Gecko) Chrome/68.0.3440.106 Safari/537.36"
::1 - - [06/Mar/2019:08:08:38 +0000] "GET /pm25 HTTP/1.1" 200 383 "-" "Mozilla/5.0 (Windows NT 10.0; WOW64) AppleWebKit/537.36 (KHTML, like Gecko) Chrome/68.0.3440.106 Safari/537.36"
::1 - - [06/Mar/2019:08:08:38 +0000] "GET /stylesheets/style.css HTTP/1.1" 304 - "http://localhost:3000/pm25" "Mozilla/5.0 (Windows NT 10.0; WOW64) AppleWebKit/537.36 (KHTML, like Gecko) Chrome/68.0.3440.106 Safari/537.36"
::1 - - [06/Mar/2019:08:08:39 +0000] "POST /pm25 HTTP/1.1" 200 5278 "http://localhost:3000/pm25" "Mozilla/5.0 (Windows NT 10.0; WOW64) AppleWebKit/537.36 (KHTML, like Gecko) Chrome/68.0.3440.106 Safari/537.36"
::1 - - [06/Mar/2019:08:09:18 +0000] "GET /pm25 HTTP/1.1" 200 383 "-" "Mozilla/5.0 (Windows NT 10.0; WOW64) AppleWebKit/537.36 (KHTML, like Gecko) Chrome/68.0.3440.106 Safari/537.36"
::1 - - [06/Mar/2019:08:09:19 +0000] "POST /pm25 HTTP/1.1" 200 5278 "http://localhost:3000/pm25" "Mozilla/5.0 (Windows NT 10.0; WOW64) AppleWebKit/537.36 (KHTML, like Gecko) Chrome/68.0.3440.106 Safari/537.36"
::1 - - [06/Mar/2019:08:10:43 +0000] "POST /pm25 HTTP/1.1" 200 5278 "http://localhost:3000/pm25" "Mozilla/5.0 (Windows NT 10.0; WOW64) AppleWebKit/537.36 (KHTML, like Gecko) Chrome/68.0.3440.106 Safari/537.36"
::1 - - [06/Mar/2019:08:10:59 +0000] "GET /pm25 HTTP/1.1" 200 368 "-" "Mozilla/5.0 (Windows NT 10.0; WOW64) AppleWebKit/537.36 (KHTML, like Gecko) Chrome/68.0.3440.106 Safari/537.36"
::1 - - [06/Mar/2019:08:10:59 +0000] "GET /stylesheets/style.css HTTP/1.1" 304 - "http://localhost:3000/pm25" "Mozilla/5.0 (Windows NT 10.0; WOW64) AppleWebKit/537.36 (KHTML, like Gecko) Chrome/68.0.3440.106 Safari/537.36"
::1 - - [06/Mar/2019:08:11:01 +0000] "POST /pm25 HTTP/1.1" 200 5278 "http://localhost:3000/pm25" "Mozilla/5.0 (Windows NT 10.0; WOW64) AppleWebKit/537.36 (KHTML, like Gecko) Chrome/68.0.3440.106 Safari/537.36"
::1 - - [06/Mar/2019:08:12:00 +0000] "GET /pm25 HTTP/1.1" 200 383 "-" "Mozilla/5.0 (Windows NT 10.0; WOW64) AppleWebKit/537.36 (KHTML, like Gecko) Chrome/68.0.3440.106 Safari/537.36"
::1 - - [06/Mar/2019:08:12:00 +0000] "GET /stylesheets/style.css HTTP/1.1" 304 - "http://localhost:3000/pm25" "Mozilla/5.0 (Windows NT 10.0; WOW64) AppleWebKit/537.36 (KHTML, like Gecko) Chrome/68.0.3440.106 Safari/537.36"
::1 - - [06/Mar/2019:08:12:02 +0000] "POST /pm25 HTTP/1.1" 200 5278 "http://localhost:3000/pm25" "Mozilla/5.0 (Windows NT 10.0; WOW64) AppleWebKit/537.36 (KHTML, like Gecko) Chrome/68.0.3440.106 Safari/537.36"
::1 - - [06/Mar/2019:08:12:37 +0000] "GET /pm25 HTTP/1.1" 200 383 "-" "Mozilla/5.0 (Windows NT 10.0; WOW64) AppleWebKit/537.36 (KHTML, like Gecko) Chrome/68.0.3440.106 Safari/537.36"
::1 - - [06/Mar/2019:08:12:37 +0000] "GET /stylesheets/style.css HTTP/1.1" 304 - "http://localhost:3000/pm25" "Mozilla/5.0 (Windows NT 10.0; WOW64) AppleWebKit/537.36 (KHTML, like Gecko) Chrome/68.0.3440.106 Safari/537.36"
::1 - - [06/Mar/2019:08:12:38 +0000] "POST /pm25 HTTP/1.1" 200 5278 "http://localhost:3000/pm25" "Mozilla/5.0 (Windows NT 10.0; WOW64) AppleWebKit/537.36 (KHTML, like Gecko) Chrome/68.0.3440.106 Safari/537.36"
::1 - - [06/Mar/2019:08:12:58 +0000] "GET /pm25 HTTP/1.1" 200 374 "-" "Mozilla/5.0 (Windows NT 10.0; WOW64) AppleWebKit/537.36 (KHTML, like Gecko) Chrome/68.0.3440.106 Safari/537.36"
::1 - - [06/Mar/2019:08:12:58 +0000] "GET /stylesheets/style.css HTTP/1.1" 304 - "http://localhost:3000/pm25" "Mozilla/5.0 (Windows NT 10.0; WOW64) AppleWebKit/537.36 (KHTML, like Gecko) Chrome/68.0.3440.106 Safari/537.36"
::1 - - [06/Mar/2019:08:13:02 +0000] "POST /pm25 HTTP/1.1" 200 5278 "http://localhost:3000/pm25" "Mozilla/5.0 (Windows NT 10.0; WOW64) AppleWebKit/537.36 (KHTML, like Gecko) Chrome/68.0.3440.106 Safari/537.36"
::1 - - [06/Mar/2019:08:14:11 +0000] "GET /pm25 HTTP/1.1" 200 376 "-" "Mozilla/5.0 (Windows NT 10.0; WOW64) AppleWebKit/537.36 (KHTML, like Gecko) Chrome/68.0.3440.106 Safari/537.36"
::1 - - [06/Mar/2019:08:14:11 +0000] "GET /stylesheets/style.css HTTP/1.1" 304 - "http://localhost:3000/pm25" "Mozilla/5.0 (Windows NT 10.0; WOW64) AppleWebKit/537.36 (KHTML, like Gecko) Chrome/68.0.3440.106 Safari/537.36"
::1 - - [06/Mar/2019:08:14:16 +0000] "POST /pm25 HTTP/1.1" 200 5278 "http://localhost:3000/pm25" "Mozilla/5.0 (Windows NT 10.0; WOW64) AppleWebKit/537.36 (KHTML, like Gecko) Chrome/68.0.3440.106 Safari/537.36"
::1 - - [06/Mar/2019:08:15:06 +0000] "GET /pm25 HTTP/1.1" 200 529 "-" "Mozilla/5.0 (Windows NT 10.0; WOW64) AppleWebKit/537.36 (KHTML, like Gecko) Chrome/68.0.3440.106 Safari/537.36"
::1 - - [06/Mar/2019:08:15:06 +0000] "GET /stylesheets/style.css HTTP/1.1" 304 - "http://localhost:3000/pm25" "Mozilla/5.0 (Windows NT 10.0; WOW64) AppleWebKit/537.36 (KHTML, like Gecko) Chrome/68.0.3440.106 Safari/537.36"
::1 - - [06/Mar/2019:08:15:09 +0000] "POST /pm25 HTTP/1.1" 200 5278 "http://localhost:3000/pm25" "Mozilla/5.0 (Windows NT 10.0; WOW64) AppleWebKit/537.36 (KHTML, like Gecko) Chrome/68.0.3440.106 Safari/537.36"
::1 - - [06/Mar/2019:08:15:35 +0000] "GET /pm25 HTTP/1.1" 200 347 "-" "Mozilla/5.0 (Windows NT 10.0; WOW64) AppleWebKit/537.36 (KHTML, like Gecko) Chrome/68.0.3440.106 Safari/537.36"
::1 - - [06/Mar/2019:08:15:35 +0000] "GET /stylesheets/style.css HTTP/1.1" 304 - "http://localhost:3000/pm25" "Mozilla/5.0 (Windows NT 10.0; WOW64) AppleWebKit/537.36 (KHTML, like Gecko) Chrome/68.0.3440.106 Safari/537.36"
::1 - - [06/Mar/2019:08:15:37 +0000] "POST /pm25 HTTP/1.1" 200 5278 "http://localhost:3000/pm25" "Mozilla/5.0 (Windows NT 10.0; WOW64) AppleWebKit/537.36 (KHTML, like Gecko) Chrome/68.0.3440.106 Safari/537.36"
::1 - - [06/Mar/2019:08:16:04 +0000] "GET /pm25 HTTP/1.1" 200 347 "-" "Mozilla/5.0 (Windows NT 10.0; WOW64) AppleWebKit/537.36 (KHTML, like Gecko) Chrome/68.0.3440.106 Safari/537.36"
::1 - - [06/Mar/2019:08:16:04 +0000] "GET /stylesheets/style.css HTTP/1.1" 304 - "http://localhost:3000/pm25" "Mozilla/5.0 (Windows NT 10.0; WOW64) AppleWebKit/537.36 (KHTML, like Gecko) Chrome/68.0.3440.106 Safari/537.36"
::1 - - [06/Mar/2019:08:16:07 +0000] "POST /pm25 HTTP/1.1" 200 5278 "http://localhost:3000/pm25" "Mozilla/5.0 (Windows NT 10.0; WOW64) AppleWebKit/537.36 (KHTML, like Gecko) Chrome/68.0.3440.106 Safari/537.36"
::1 - - [06/Mar/2019:08:16:41 +0000] "GET /pm25 HTTP/1.1" 200 347 "-" "Mozilla/5.0 (Windows NT 10.0; WOW64) AppleWebKit/537.36 (KHTML, like Gecko) Chrome/68.0.3440.106 Safari/537.36"
::1 - - [06/Mar/2019:08:16:41 +0000] "GET /stylesheets/style.css HTTP/1.1" 304 - "http://localhost:3000/pm25" "Mozilla/5.0 (Windows NT 10.0; WOW64) AppleWebKit/537.36 (KHTML, like Gecko) Chrome/68.0.3440.106 Safari/537.36"
::1 - - [06/Mar/2019:08:16:43 +0000] "POST /pm25 HTTP/1.1" 200 5278 "http://localhost:3000/pm25" "Mozilla/5.0 (Windows NT 10.0; WOW64) AppleWebKit/537.36 (KHTML, like Gecko) Chrome/68.0.3440.106 Safari/537.36"
::1 - - [06/Mar/2019:08:17:03 +0000] "GET /pm25 HTTP/1.1" 200 347 "-" "Mozilla/5.0 (Windows NT 10.0; WOW64) AppleWebKit/537.36 (KHTML, like Gecko) Chrome/68.0.3440.106 Safari/537.36"
::1 - - [06/Mar/2019:08:17:03 +0000] "GET /stylesheets/style.css HTTP/1.1" 304 - "http://localhost:3000/pm25" "Mozilla/5.0 (Windows NT 10.0; WOW64) AppleWebKit/537.36 (KHTML, like Gecko) Chrome/68.0.3440.106 Safari/537.36"
::1 - - [06/Mar/2019:08:17:06 +0000] "POST /pm25 HTTP/1.1" 200 5278 "http://localhost:3000/pm25" "Mozilla/5.0 (Windows NT 10.0; WOW64) AppleWebKit/537.36 (KHTML, like Gecko) Chrome/68.0.3440.106 Safari/537.36"
::1 - - [06/Mar/2019:08:20:38 +0000] "GET /pm25 HTTP/1.1" 200 347 "-" "Mozilla/5.0 (Windows NT 10.0; WOW64) AppleWebKit/537.36 (KHTML, like Gecko) Chrome/68.0.3440.106 Safari/537.36"
::1 - - [06/Mar/2019:08:20:38 +0000] "GET /stylesheets/style.css HTTP/1.1" 304 - "http://localhost:3000/pm25" "Mozilla/5.0 (Windows NT 10.0; WOW64) AppleWebKit/537.36 (KHTML, like Gecko) Chrome/68.0.3440.106 Safari/537.36"
::1 - - [06/Mar/2019:08:20:40 +0000] "POST /pm25 HTTP/1.1" 200 5278 "http://localhost:3000/pm25" "Mozilla/5.0 (Windows NT 10.0; WOW64) AppleWebKit/537.36 (KHTML, like Gecko) Chrome/68.0.3440.106 Safari/537.36"
::1 - - [06/Mar/2019:08:22:09 +0000] "GET /pm25 HTTP/1.1" 200 347 "-" "Mozilla/5.0 (Windows NT 10.0; WOW64) AppleWebKit/537.36 (KHTML, like Gecko) Chrome/68.0.3440.106 Safari/537.36"
::1 - - [06/Mar/2019:08:22:09 +0000] "GET /stylesheets/style.css HTTP/1.1" 304 - "http://localhost:3000/pm25" "Mozilla/5.0 (Windows NT 10.0; WOW64) AppleWebKit/537.36 (KHTML, like Gecko) Chrome/68.0.3440.106 Safari/537.36"
::1 - - [06/Mar/2019:08:22:12 +0000] "POST /pm25 HTTP/1.1" 200 5278 "http://localhost:3000/pm25" "Mozilla/5.0 (Windows NT 10.0; WOW64) AppleWebKit/537.36 (KHTML, like Gecko) Chrome/68.0.3440.106 Safari/537.36"
::1 - - [06/Mar/2019:08:28:51 +0000] "GET /pm25 HTTP/1.1" 200 347 "-" "Mozilla/5.0 (Windows NT 10.0; WOW64) AppleWebKit/537.36 (KHTML, like Gecko) Chrome/68.0.3440.106 Safari/537.36"
::1 - - [06/Mar/2019:08:28:51 +0000] "GET /stylesheets/style.css HTTP/1.1" 304 - "http://localhost:3000/pm25" "Mozilla/5.0 (Windows NT 10.0; WOW64) AppleWebKit/537.36 (KHTML, like Gecko) Chrome/68.0.3440.106 Safari/537.36"
::1 - - [06/Mar/2019:08:28:53 +0000] "POST /pm25 HTTP/1.1" 200 5278 "http://localhost:3000/pm25" "Mozilla/5.0 (Windows NT 10.0; WOW64) AppleWebKit/537.36 (KHTML, like Gecko) Chrome/68.0.3440.106 Safari/537.36"
::1 - - [06/Mar/2019:08:30:25 +0000] "GET /pm25 HTTP/1.1" 200 347 "-" "Mozilla/5.0 (Windows NT 10.0; WOW64) AppleWebKit/537.36 (KHTML, like Gecko) Chrome/68.0.3440.106 Safari/537.36"
::1 - - [06/Mar/2019:08:30:25 +0000] "GET /stylesheets/style.css HTTP/1.1" 304 - "http://localhost:3000/pm25" "Mozilla/5.0 (Windows NT 10.0; WOW64) AppleWebKit/537.36 (KHTML, like Gecko) Chrome/68.0.3440.106 Safari/537.36"
::1 - - [06/Mar/2019:08:30:27 +0000] "POST /pm25 HTTP/1.1" 200 5278 "http://localhost:3000/pm25" "Mozilla/5.0 (Windows NT 10.0; WOW64) AppleWebKit/537.36 (KHTML, like Gecko) Chrome/68.0.3440.106 Safari/537.36"
::1 - - [06/Mar/2019:08:31:01 +0000] "GET /pm25 HTTP/1.1" 200 347 "-" "Mozilla/5.0 (Windows NT 10.0; WOW64) AppleWebKit/537.36 (KHTML, like Gecko) Chrome/68.0.3440.106 Safari/537.36"
::1 - - [06/Mar/2019:08:31:01 +0000] "GET /stylesheets/style.css HTTP/1.1" 304 - "http://localhost:3000/pm25" "Mozilla/5.0 (Windows NT 10.0; WOW64) AppleWebKit/537.36 (KHTML, like Gecko) Chrome/68.0.3440.106 Safari/537.36"
::1 - - [06/Mar/2019:08:31:04 +0000] "POST /pm25 HTTP/1.1" 200 5278 "http://localhost:3000/pm25" "Mozilla/5.0 (Windows NT 10.0; WOW64) AppleWebKit/537.36 (KHTML, like Gecko) Chrome/68.0.3440.106 Safari/537.36"
::1 - - [06/Mar/2019:08:31:47 +0000] "GET /pm25 HTTP/1.1" 200 347 "-" "Mozilla/5.0 (Windows NT 10.0; WOW64) AppleWebKit/537.36 (KHTML, like Gecko) Chrome/68.0.3440.106 Safari/537.36"
::1 - - [06/Mar/2019:08:31:47 +0000] "GET /stylesheets/style.css HTTP/1.1" 304 - "http://localhost:3000/pm25" "Mozilla/5.0 (Windows NT 10.0; WOW64) AppleWebKit/537.36 (KHTML, like Gecko) Chrome/68.0.3440.106 Safari/537.36"
::1 - - [06/Mar/2019:08:31:49 +0000] "POST /pm25 HTTP/1.1" 200 5278 "http://localhost:3000/pm25" "Mozilla/5.0 (Windows NT 10.0; WOW64) AppleWebKit/537.36 (KHTML, like Gecko) Chrome/68.0.3440.106 Safari/537.36"
::1 - - [06/Mar/2019:08:32:32 +0000] "GET /pm25 HTTP/1.1" 200 347 "-" "Mozilla/5.0 (Windows NT 10.0; WOW64) AppleWebKit/537.36 (KHTML, like Gecko) Chrome/68.0.3440.106 Safari/537.36"
::1 - - [06/Mar/2019:08:32:32 +0000] "GET /stylesheets/style.css HTTP/1.1" 304 - "http://localhost:3000/pm25" "Mozilla/5.0 (Windows NT 10.0; WOW64) AppleWebKit/537.36 (KHTML, like Gecko) Chrome/68.0.3440.106 Safari/537.36"
::1 - - [06/Mar/2019:08:32:34 +0000] "POST /pm25 HTTP/1.1" 200 5278 "http://localhost:3000/pm25" "Mozilla/5.0 (Windows NT 10.0; WOW64) AppleWebKit/537.36 (KHTML, like Gecko) Chrome/68.0.3440.106 Safari/537.36"
::1 - - [06/Mar/2019:08:33:29 +0000] "GET /pm25 HTTP/1.1" 200 347 "-" "Mozilla/5.0 (Windows NT 10.0; WOW64) AppleWebKit/537.36 (KHTML, like Gecko) Chrome/68.0.3440.106 Safari/537.36"
::1 - - [06/Mar/2019:08:33:29 +0000] "GET /stylesheets/style.css HTTP/1.1" 304 - "http://localhost:3000/pm25" "Mozilla/5.0 (Windows NT 10.0; WOW64) AppleWebKit/537.36 (KHTML, like Gecko) Chrome/68.0.3440.106 Safari/537.36"
::1 - - [06/Mar/2019:08:33:30 +0000] "POST /pm25 HTTP/1.1" 200 5278 "http://localhost:3000/pm25" "Mozilla/5.0 (Windows NT 10.0; WOW64) AppleWebKit/537.36 (KHTML, like Gecko) Chrome/68.0.3440.106 Safari/537.36"
::1 - - [06/Mar/2019:08:37:50 +0000] "GET /pm25 HTTP/1.1" 200 347 "-" "Mozilla/5.0 (Windows NT 10.0; WOW64) AppleWebKit/537.36 (KHTML, like Gecko) Chrome/68.0.3440.106 Safari/537.36"
::1 - - [06/Mar/2019:08:37:50 +0000] "GET /stylesheets/style.css HTTP/1.1" 304 - "http://localhost:3000/pm25" "Mozilla/5.0 (Windows NT 10.0; WOW64) AppleWebKit/537.36 (KHTML, like Gecko) Chrome/68.0.3440.106 Safari/537.36"
::1 - - [06/Mar/2019:08:37:52 +0000] "POST /pm25 HTTP/1.1" 200 5278 "http://localhost:3000/pm25" "Mozilla/5.0 (Windows NT 10.0; WOW64) AppleWebKit/537.36 (KHTML, like Gecko) Chrome/68.0.3440.106 Safari/537.36"
::1 - - [06/Mar/2019:08:38:16 +0000] "GET /pm25 HTTP/1.1" 200 347 "-" "Mozilla/5.0 (Windows NT 10.0; WOW64) AppleWebKit/537.36 (KHTML, like Gecko) Chrome/68.0.3440.106 Safari/537.36"
::1 - - [06/Mar/2019:08:38:16 +0000] "GET /stylesheets/style.css HTTP/1.1" 304 - "http://localhost:3000/pm25" "Mozilla/5.0 (Windows NT 10.0; WOW64) AppleWebKit/537.36 (KHTML, like Gecko) Chrome/68.0.3440.106 Safari/537.36"
::1 - - [06/Mar/2019:08:38:18 +0000] "POST /pm25 HTTP/1.1" 200 5278 "http://localhost:3000/pm25" "Mozilla/5.0 (Windows NT 10.0; WOW64) AppleWebKit/537.36 (KHTML, like Gecko) Chrome/68.0.3440.106 Safari/537.36"
::1 - - [06/Mar/2019:08:38:34 +0000] "GET /pm25 HTTP/1.1" 200 347 "-" "Mozilla/5.0 (Windows NT 10.0; WOW64) AppleWebKit/537.36 (KHTML, like Gecko) Chrome/68.0.3440.106 Safari/537.36"
::1 - - [06/Mar/2019:08:38:34 +0000] "GET /stylesheets/style.css HTTP/1.1" 304 - "http://localhost:3000/pm25" "Mozilla/5.0 (Windows NT 10.0; WOW64) AppleWebKit/537.36 (KHTML, like Gecko) Chrome/68.0.3440.106 Safari/537.36"
::1 - - [06/Mar/2019:08:38:36 +0000] "POST /pm25 HTTP/1.1" 200 5278 "http://localhost:3000/pm25" "Mozilla/5.0 (Windows NT 10.0; WOW64) AppleWebKit/537.36 (KHTML, like Gecko) Chrome/68.0.3440.106 Safari/537.36"
::1 - - [06/Mar/2019:08:39:09 +0000] "GET /pm25 HTTP/1.1" 200 347 "-" "Mozilla/5.0 (Windows NT 10.0; WOW64) AppleWebKit/537.36 (KHTML, like Gecko) Chrome/68.0.3440.106 Safari/537.36"
::1 - - [06/Mar/2019:08:39:09 +0000] "GET /stylesheets/style.css HTTP/1.1" 304 - "http://localhost:3000/pm25" "Mozilla/5.0 (Windows NT 10.0; WOW64) AppleWebKit/537.36 (KHTML, like Gecko) Chrome/68.0.3440.106 Safari/537.36"
::1 - - [06/Mar/2019:08:39:11 +0000] "POST /pm25 HTTP/1.1" 200 5278 "http://localhost:3000/pm25" "Mozilla/5.0 (Windows NT 10.0; WOW64) AppleWebKit/537.36 (KHTML, like Gecko) Chrome/68.0.3440.106 Safari/537.36"
::1 - - [06/Mar/2019:08:39:32 +0000] "GET /pm25 HTTP/1.1" 200 347 "-" "Mozilla/5.0 (Windows NT 10.0; WOW64) AppleWebKit/537.36 (KHTML, like Gecko) Chrome/68.0.3440.106 Safari/537.36"
::1 - - [06/Mar/2019:08:39:32 +0000] "GET /stylesheets/style.css HTTP/1.1" 304 - "http://localhost:3000/pm25" "Mozilla/5.0 (Windows NT 10.0; WOW64) AppleWebKit/537.36 (KHTML, like Gecko) Chrome/68.0.3440.106 Safari/537.36"
::1 - - [06/Mar/2019:08:39:33 +0000] "POST /pm25 HTTP/1.1" 200 5278 "http://localhost:3000/pm25" "Mozilla/5.0 (Windows NT 10.0; WOW64) AppleWebKit/537.36 (KHTML, like Gecko) Chrome/68.0.3440.106 Safari/537.36"
::1 - - [06/Mar/2019:08:39:51 +0000] "GET /pm25 HTTP/1.1" 200 347 "-" "Mozilla/5.0 (Windows NT 10.0; WOW64) AppleWebKit/537.36 (KHTML, like Gecko) Chrome/68.0.3440.106 Safari/537.36"
::1 - - [06/Mar/2019:08:39:51 +0000] "GET /stylesheets/style.css HTTP/1.1" 304 - "http://localhost:3000/pm25" "Mozilla/5.0 (Windows NT 10.0; WOW64) AppleWebKit/537.36 (KHTML, like Gecko) Chrome/68.0.3440.106 Safari/537.36"
::1 - - [06/Mar/2019:08:39:53 +0000] "POST /pm25 HTTP/1.1" 200 5278 "http://localhost:3000/pm25" "Mozilla/5.0 (Windows NT 10.0; WOW64) AppleWebKit/537.36 (KHTML, like Gecko) Chrome/68.0.3440.106 Safari/537.36"
::1 - - [06/Mar/2019:08:40:11 +0000] "GET /pm25 HTTP/1.1" 200 347 "-" "Mozilla/5.0 (Windows NT 10.0; WOW64) AppleWebKit/537.36 (KHTML, like Gecko) Chrome/68.0.3440.106 Safari/537.36"
::1 - - [06/Mar/2019:08:40:11 +0000] "GET /stylesheets/style.css HTTP/1.1" 304 - "http://localhost:3000/pm25" "Mozilla/5.0 (Windows NT 10.0; WOW64) AppleWebKit/537.36 (KHTML, like Gecko) Chrome/68.0.3440.106 Safari/537.36"
::1 - - [06/Mar/2019:08:40:13 +0000] "POST /pm25 HTTP/1.1" 200 5278 "http://localhost:3000/pm25" "Mozilla/5.0 (Windows NT 10.0; WOW64) AppleWebKit/537.36 (KHTML, like Gecko) Chrome/68.0.3440.106 Safari/537.36"
::1 - - [06/Mar/2019:08:42:24 +0000] "GET /pm25 HTTP/1.1" 200 347 "-" "Mozilla/5.0 (Windows NT 10.0; WOW64) AppleWebKit/537.36 (KHTML, like Gecko) Chrome/68.0.3440.106 Safari/537.36"
::1 - - [06/Mar/2019:08:42:24 +0000] "GET /stylesheets/style.css HTTP/1.1" 304 - "http://localhost:3000/pm25" "Mozilla/5.0 (Windows NT 10.0; WOW64) AppleWebKit/537.36 (KHTML, like Gecko) Chrome/68.0.3440.106 Safari/537.36"
::1 - - [06/Mar/2019:08:42:51 +0000] "GET /pm25 HTTP/1.1" 304 - "-" "Mozilla/5.0 (Windows NT 10.0; WOW64) AppleWebKit/537.36 (KHTML, like Gecko) Chrome/68.0.3440.106 Safari/537.36"
::1 - - [06/Mar/2019:08:42:51 +0000] "GET /stylesheets/style.css HTTP/1.1" 304 - "http://localhost:3000/pm25" "Mozilla/5.0 (Windows NT 10.0; WOW64) AppleWebKit/537.36 (KHTML, like Gecko) Chrome/68.0.3440.106 Safari/537.36"
::1 - - [06/Mar/2019:08:43:37 +0000] "GET /pm25 HTTP/1.1" 304 - "-" "Mozilla/5.0 (Windows NT 10.0; WOW64) AppleWebKit/537.36 (KHTML, like Gecko) Chrome/68.0.3440.106 Safari/537.36"
::1 - - [06/Mar/2019:08:43:37 +0000] "GET /stylesheets/style.css HTTP/1.1" 304 - "http://localhost:3000/pm25" "Mozilla/5.0 (Windows NT 10.0; WOW64) AppleWebKit/537.36 (KHTML, like Gecko) Chrome/68.0.3440.106 Safari/537.36"
::1 - - [06/Mar/2019:08:44:02 +0000] "GET /pm25 HTTP/1.1" 304 - "-" "Mozilla/5.0 (Windows NT 10.0; WOW64) AppleWebKit/537.36 (KHTML, like Gecko) Chrome/68.0.3440.106 Safari/537.36"
::1 - - [06/Mar/2019:08:44:02 +0000] "GET /stylesheets/style.css HTTP/1.1" 304 - "http://localhost:3000/pm25" "Mozilla/5.0 (Windows NT 10.0; WOW64) AppleWebKit/537.36 (KHTML, like Gecko) Chrome/68.0.3440.106 Safari/537.36"
::1 - - [06/Mar/2019:08:44:45 +0000] "GET /pm25 HTTP/1.1" 304 - "-" "Mozilla/5.0 (Windows NT 10.0; WOW64) AppleWebKit/537.36 (KHTML, like Gecko) Chrome/68.0.3440.106 Safari/537.36"
::1 - - [06/Mar/2019:08:44:45 +0000] "GET /stylesheets/style.css HTTP/1.1" 304 - "http://localhost:3000/pm25" "Mozilla/5.0 (Windows NT 10.0; WOW64) AppleWebKit/537.36 (KHTML, like Gecko) Chrome/68.0.3440.106 Safari/537.36"
::1 - - [06/Mar/2019:08:45:12 +0000] "GET /pm25 HTTP/1.1" 304 - "-" "Mozilla/5.0 (Windows NT 10.0; WOW64) AppleWebKit/537.36 (KHTML, like Gecko) Chrome/68.0.3440.106 Safari/537.36"
::1 - - [06/Mar/2019:08:45:12 +0000] "GET /stylesheets/style.css HTTP/1.1" 304 - "http://localhost:3000/pm25" "Mozilla/5.0 (Windows NT 10.0; WOW64) AppleWebKit/537.36 (KHTML, like Gecko) Chrome/68.0.3440.106 Safari/537.36"
::1 - - [06/Mar/2019:08:50:46 +0000] "GET /pm25 HTTP/1.1" 304 - "-" "Mozilla/5.0 (Windows NT 10.0; WOW64) AppleWebKit/537.36 (KHTML, like Gecko) Chrome/68.0.3440.106 Safari/537.36"
::1 - - [06/Mar/2019:08:50:46 +0000] "GET /stylesheets/style.css HTTP/1.1" 304 - "http://localhost:3000/pm25" "Mozilla/5.0 (Windows NT 10.0; WOW64) AppleWebKit/537.36 (KHTML, like Gecko) Chrome/68.0.3440.106 Safari/537.36"
::1 - - [06/Mar/2019:08:50:48 +0000] "POST /pm25 HTTP/1.1" 200 - "http://localhost:3000/pm25" "Mozilla/5.0 (Windows NT 10.0; WOW64) AppleWebKit/537.36 (KHTML, like Gecko) Chrome/68.0.3440.106 Safari/537.36"
::1 - - [06/Mar/2019:08:51:10 +0000] "GET /pm25 HTTP/1.1" 200 347 "-" "Mozilla/5.0 (Windows NT 10.0; WOW64) AppleWebKit/537.36 (KHTML, like Gecko) Chrome/68.0.3440.106 Safari/537.36"
::1 - - [06/Mar/2019:08:51:10 +0000] "GET /stylesheets/style.css HTTP/1.1" 304 - "http://localhost:3000/pm25" "Mozilla/5.0 (Windows NT 10.0; WOW64) AppleWebKit/537.36 (KHTML, like Gecko) Chrome/68.0.3440.106 Safari/537.36"
::1 - - [06/Mar/2019:08:51:13 +0000] "POST /pm25 HTTP/1.1" 200 - "http://localhost:3000/pm25" "Mozilla/5.0 (Windows NT 10.0; WOW64) AppleWebKit/537.36 (KHTML, like Gecko) Chrome/68.0.3440.106 Safari/537.36"
::1 - - [06/Mar/2019:08:51:37 +0000] "GET /pm25 HTTP/1.1" 200 347 "-" "Mozilla/5.0 (Windows NT 10.0; WOW64) AppleWebKit/537.36 (KHTML, like Gecko) Chrome/68.0.3440.106 Safari/537.36"
::1 - - [06/Mar/2019:08:51:37 +0000] "GET /stylesheets/style.css HTTP/1.1" 304 - "http://localhost:3000/pm25" "Mozilla/5.0 (Windows NT 10.0; WOW64) AppleWebKit/537.36 (KHTML, like Gecko) Chrome/68.0.3440.106 Safari/537.36"
::1 - - [06/Mar/2019:08:51:40 +0000] "POST /pm25 HTTP/1.1" 200 - "http://localhost:3000/pm25" "Mozilla/5.0 (Windows NT 10.0; WOW64) AppleWebKit/537.36 (KHTML, like Gecko) Chrome/68.0.3440.106 Safari/537.36"
::1 - - [06/Mar/2019:08:52:20 +0000] "GET /pm25 HTTP/1.1" 200 347 "-" "Mozilla/5.0 (Windows NT 10.0; WOW64) AppleWebKit/537.36 (KHTML, like Gecko) Chrome/68.0.3440.106 Safari/537.36"
::1 - - [06/Mar/2019:08:52:20 +0000] "GET /stylesheets/style.css HTTP/1.1" 304 - "http://localhost:3000/pm25" "Mozilla/5.0 (Windows NT 10.0; WOW64) AppleWebKit/537.36 (KHTML, like Gecko) Chrome/68.0.3440.106 Safari/537.36"
::1 - - [06/Mar/2019:08:52:23 +0000] "POST /pm25 HTTP/1.1" 200 - "http://localhost:3000/pm25" "Mozilla/5.0 (Windows NT 10.0; WOW64) AppleWebKit/537.36 (KHTML, like Gecko) Chrome/68.0.3440.106 Safari/537.36"
::1 - - [06/Mar/2019:08:53:19 +0000] "GET /pm25 HTTP/1.1" 200 347 "-" "Mozilla/5.0 (Windows NT 10.0; WOW64) AppleWebKit/537.36 (KHTML, like Gecko) Chrome/68.0.3440.106 Safari/537.36"
::1 - - [06/Mar/2019:08:53:19 +0000] "GET /stylesheets/style.css HTTP/1.1" 304 - "http://localhost:3000/pm25" "Mozilla/5.0 (Windows NT 10.0; WOW64) AppleWebKit/537.36 (KHTML, like Gecko) Chrome/68.0.3440.106 Safari/537.36"
::1 - - [06/Mar/2019:08:53:21 +0000] "POST /pm25 HTTP/1.1" 200 - "http://localhost:3000/pm25" "Mozilla/5.0 (Windows NT 10.0; WOW64) AppleWebKit/537.36 (KHTML, like Gecko) Chrome/68.0.3440.106 Safari/537.36"
::1 - - [06/Mar/2019:08:53:44 +0000] "GET /pm25 HTTP/1.1" 200 347 "-" "Mozilla/5.0 (Windows NT 10.0; WOW64) AppleWebKit/537.36 (KHTML, like Gecko) Chrome/68.0.3440.106 Safari/537.36"
::1 - - [06/Mar/2019:08:53:44 +0000] "GET /stylesheets/style.css HTTP/1.1" 304 - "http://localhost:3000/pm25" "Mozilla/5.0 (Windows NT 10.0; WOW64) AppleWebKit/537.36 (KHTML, like Gecko) Chrome/68.0.3440.106 Safari/537.36"
::1 - - [06/Mar/2019:08:53:46 +0000] "POST /pm25 HTTP/1.1" 200 - "http://localhost:3000/pm25" "Mozilla/5.0 (Windows NT 10.0; WOW64) AppleWebKit/537.36 (KHTML, like Gecko) Chrome/68.0.3440.106 Safari/537.36"
::1 - - [06/Mar/2019:08:58:25 +0000] "GET /pm25 HTTP/1.1" 200 347 "-" "Mozilla/5.0 (Windows NT 10.0; WOW64) AppleWebKit/537.36 (KHTML, like Gecko) Chrome/68.0.3440.106 Safari/537.36"
::1 - - [06/Mar/2019:08:58:25 +0000] "GET /stylesheets/style.css HTTP/1.1" 304 - "http://localhost:3000/pm25" "Mozilla/5.0 (Windows NT 10.0; WOW64) AppleWebKit/537.36 (KHTML, like Gecko) Chrome/68.0.3440.106 Safari/537.36"
::1 - - [06/Mar/2019:08:58:27 +0000] "POST /pm25 HTTP/1.1" 200 652 "http://localhost:3000/pm25" "Mozilla/5.0 (Windows NT 10.0; WOW64) AppleWebKit/537.36 (KHTML, like Gecko) Chrome/68.0.3440.106 Safari/537.36"
::1 - - [06/Mar/2019:08:59:31 +0000] "GET /pm25 HTTP/1.1" 200 347 "-" "Mozilla/5.0 (Windows NT 10.0; WOW64) AppleWebKit/537.36 (KHTML, like Gecko) Chrome/68.0.3440.106 Safari/537.36"
::1 - - [06/Mar/2019:08:59:31 +0000] "GET /stylesheets/style.css HTTP/1.1" 304 - "http://localhost:3000/pm25" "Mozilla/5.0 (Windows NT 10.0; WOW64) AppleWebKit/537.36 (KHTML, like Gecko) Chrome/68.0.3440.106 Safari/537.36"
::1 - - [06/Mar/2019:08:59:32 +0000] "POST /pm25 HTTP/1.1" 200 652 "http://localhost:3000/pm25" "Mozilla/5.0 (Windows NT 10.0; WOW64) AppleWebKit/537.36 (KHTML, like Gecko) Chrome/68.0.3440.106 Safari/537.36"
::1 - - [06/Mar/2019:09:00:46 +0000] "GET /pm25 HTTP/1.1" 200 347 "-" "Mozilla/5.0 (Windows NT 10.0; WOW64) AppleWebKit/537.36 (KHTML, like Gecko) Chrome/68.0.3440.106 Safari/537.36"
::1 - - [06/Mar/2019:09:00:46 +0000] "GET /stylesheets/style.css HTTP/1.1" 304 - "http://localhost:3000/pm25" "Mozilla/5.0 (Windows NT 10.0; WOW64) AppleWebKit/537.36 (KHTML, like Gecko) Chrome/68.0.3440.106 Safari/537.36"
::1 - - [06/Mar/2019:09:00:48 +0000] "POST /pm25 HTTP/1.1" 200 0 "http://localhost:3000/pm25" "Mozilla/5.0 (Windows NT 10.0; WOW64) AppleWebKit/537.36 (KHTML, like Gecko) Chrome/68.0.3440.106 Safari/537.36"
::1 - - [06/Mar/2019:09:09:49 +0000] "GET /pm25 HTTP/1.1" 200 347 "-" "Mozilla/5.0 (Windows NT 10.0; WOW64) AppleWebKit/537.36 (KHTML, like Gecko) Chrome/68.0.3440.106 Safari/537.36"
::1 - - [06/Mar/2019:09:09:49 +0000] "GET /stylesheets/style.css HTTP/1.1" 304 - "http://localhost:3000/pm25" "Mozilla/5.0 (Windows NT 10.0; WOW64) AppleWebKit/537.36 (KHTML, like Gecko) Chrome/68.0.3440.106 Safari/537.36"
::1 - - [06/Mar/2019:09:10:43 +0000] "GET /pm25 HTTP/1.1" 304 - "-" "Mozilla/5.0 (Windows NT 10.0; WOW64) AppleWebKit/537.36 (KHTML, like Gecko) Chrome/68.0.3440.106 Safari/537.36"
::1 - - [06/Mar/2019:09:10:43 +0000] "GET /stylesheets/style.css HTTP/1.1" 304 - "http://localhost:3000/pm25" "Mozilla/5.0 (Windows NT 10.0; WOW64) AppleWebKit/537.36 (KHTML, like Gecko) Chrome/68.0.3440.106 Safari/537.36"
::1 - - [06/Mar/2019:09:11:30 +0000] "GET /pm25 HTTP/1.1" 304 - "-" "Mozilla/5.0 (Windows NT 10.0; WOW64) AppleWebKit/537.36 (KHTML, like Gecko) Chrome/68.0.3440.106 Safari/537.36"
::1 - - [06/Mar/2019:09:11:30 +0000] "GET /stylesheets/style.css HTTP/1.1" 304 - "http://localhost:3000/pm25" "Mozilla/5.0 (Windows NT 10.0; WOW64) AppleWebKit/537.36 (KHTML, like Gecko) Chrome/68.0.3440.106 Safari/537.36"
::1 - - [06/Mar/2019:09:13:32 +0000] "POST /pm25 HTTP/1.1" - - "http://localhost:3000/pm25" "Mozilla/5.0 (Windows NT 10.0; WOW64) AppleWebKit/537.36 (KHTML, like Gecko) Chrome/68.0.3440.106 Safari/537.36"
::1 - - [06/Mar/2019:09:14:04 +0000] "GET /pm25 HTTP/1.1" 304 - "-" "Mozilla/5.0 (Windows NT 10.0; WOW64) AppleWebKit/537.36 (KHTML, like Gecko) Chrome/68.0.3440.106 Safari/537.36"
::1 - - [06/Mar/2019:09:14:04 +0000] "GET /stylesheets/style.css HTTP/1.1" 304 - "http://localhost:3000/pm25" "Mozilla/5.0 (Windows NT 10.0; WOW64) AppleWebKit/537.36 (KHTML, like Gecko) Chrome/68.0.3440.106 Safari/537.36"
::1 - - [06/Mar/2019:09:14:06 +0000] "POST /pm25 HTTP/1.1" 200 5278 "http://localhost:3000/pm25" "Mozilla/5.0 (Windows NT 10.0; WOW64) AppleWebKit/537.36 (KHTML, like Gecko) Chrome/68.0.3440.106 Safari/537.36"
::1 - - [06/Mar/2019:09:14:45 +0000] "GET /pm25 HTTP/1.1" 200 347 "-" "Mozilla/5.0 (Windows NT 10.0; WOW64) AppleWebKit/537.36 (KHTML, like Gecko) Chrome/68.0.3440.106 Safari/537.36"
::1 - - [06/Mar/2019:09:14:45 +0000] "GET /stylesheets/style.css HTTP/1.1" 304 - "http://localhost:3000/pm25" "Mozilla/5.0 (Windows NT 10.0; WOW64) AppleWebKit/537.36 (KHTML, like Gecko) Chrome/68.0.3440.106 Safari/537.36"
::1 - - [06/Mar/2019:09:14:47 +0000] "POST /pm25 HTTP/1.1" 200 5278 "http://localhost:3000/pm25" "Mozilla/5.0 (Windows NT 10.0; WOW64) AppleWebKit/537.36 (KHTML, like Gecko) Chrome/68.0.3440.106 Safari/537.36"
::1 - - [06/Mar/2019:09:20:25 +0000] "GET /pm25 HTTP/1.1" 200 347 "-" "Mozilla/5.0 (Windows NT 10.0; WOW64) AppleWebKit/537.36 (KHTML, like Gecko) Chrome/68.0.3440.106 Safari/537.36"
::1 - - [06/Mar/2019:09:20:25 +0000] "GET /stylesheets/style.css HTTP/1.1" 304 - "http://localhost:3000/pm25" "Mozilla/5.0 (Windows NT 10.0; WOW64) AppleWebKit/537.36 (KHTML, like Gecko) Chrome/68.0.3440.106 Safari/537.36"
::1 - - [06/Mar/2019:09:20:28 +0000] "POST /pm25 HTTP/1.1" 200 44627 "http://localhost:3000/pm25" "Mozilla/5.0 (Windows NT 10.0; WOW64) AppleWebKit/537.36 (KHTML, like Gecko) Chrome/68.0.3440.106 Safari/537.36"
::1 - - [06/Mar/2019:09:20:48 +0000] "GET /pm25 HTTP/1.1" 200 347 "-" "Mozilla/5.0 (Windows NT 10.0; WOW64) AppleWebKit/537.36 (KHTML, like Gecko) Chrome/68.0.3440.106 Safari/537.36"
::1 - - [06/Mar/2019:09:20:48 +0000] "GET /stylesheets/style.css HTTP/1.1" 304 - "http://localhost:3000/pm25" "Mozilla/5.0 (Windows NT 10.0; WOW64) AppleWebKit/537.36 (KHTML, like Gecko) Chrome/68.0.3440.106 Safari/537.36"
::1 - - [06/Mar/2019:09:20:52 +0000] "POST /pm25 HTTP/1.1" 200 20740 "http://localhost:3000/pm25" "Mozilla/5.0 (Windows NT 10.0; WOW64) AppleWebKit/537.36 (KHTML, like Gecko) Chrome/68.0.3440.106 Safari/537.36"
::1 - - [06/Mar/2019:09:20:52 +0000] "GET /assets/application-32570e67636e03a26f6d5c2816025ddb.css HTTP/1.1" 404 1506 "http://localhost:3000/pm25" "Mozilla/5.0 (Windows NT 10.0; WOW64) AppleWebKit/537.36 (KHTML, like Gecko) Chrome/68.0.3440.106 Safari/537.36"
::1 - - [06/Mar/2019:09:20:52 +0000] "GET /assets/application-a0c9d2532f0dc5ba8fcba803e2a385ad.js HTTP/1.1" 404 1506 "http://localhost:3000/pm25" "Mozilla/5.0 (Windows NT 10.0; WOW64) AppleWebKit/537.36 (KHTML, like Gecko) Chrome/68.0.3440.106 Safari/537.36"
::1 - - [06/Mar/2019:09:21:21 +0000] "GET /pm25 HTTP/1.1" 200 347 "-" "Mozilla/5.0 (Windows NT 10.0; WOW64) AppleWebKit/537.36 (KHTML, like Gecko) Chrome/68.0.3440.106 Safari/537.36"
::1 - - [06/Mar/2019:09:21:21 +0000] "GET /stylesheets/style.css HTTP/1.1" 304 - "http://localhost:3000/pm25" "Mozilla/5.0 (Windows NT 10.0; WOW64) AppleWebKit/537.36 (KHTML, like Gecko) Chrome/68.0.3440.106 Safari/537.36"
::ffff:127.0.0.1 - - [06/Mar/2019:09:21:38 +0000] "POST /pm25 HTTP/1.1" 200 5278 "http://localhost:3000/pm25" "Mozilla/5.0 (Windows NT 10.0; WOW64) AppleWebKit/537.36 (KHTML, like Gecko) Chrome/68.0.3440.106 Safari/537.36"
::1 - - [06/Mar/2019:09:21:39 +0000] "POST /pm25 HTTP/1.1" 200 5278 "http://localhost:3000/pm25" "Mozilla/5.0 (Windows NT 10.0; WOW64) AppleWebKit/537.36 (KHTML, like Gecko) Chrome/68.0.3440.106 Safari/537.36"
::1 - - [06/Mar/2019:09:21:50 +0000] "GET /pm25 HTTP/1.1" 200 347 "-" "Mozilla/5.0 (Windows NT 10.0; WOW64) AppleWebKit/537.36 (KHTML, like Gecko) Chrome/68.0.3440.106 Safari/537.36"
::1 - - [06/Mar/2019:09:21:50 +0000] "GET /stylesheets/style.css HTTP/1.1" 304 - "http://localhost:3000/pm25" "Mozilla/5.0 (Windows NT 10.0; WOW64) AppleWebKit/537.36 (KHTML, like Gecko) Chrome/68.0.3440.106 Safari/537.36"
::1 - - [06/Mar/2019:09:21:53 +0000] "POST /pm25 HTTP/1.1" 200 5278 "http://localhost:3000/pm25" "Mozilla/5.0 (Windows NT 10.0; WOW64) AppleWebKit/537.36 (KHTML, like Gecko) Chrome/68.0.3440.106 Safari/537.36"
::1 - - [06/Mar/2019:09:31:59 +0000] "GET /pm25 HTTP/1.1" 200 347 "-" "Mozilla/5.0 (Windows NT 10.0; WOW64) AppleWebKit/537.36 (KHTML, like Gecko) Chrome/68.0.3440.106 Safari/537.36"
::1 - - [06/Mar/2019:09:31:59 +0000] "GET /stylesheets/style.css HTTP/1.1" 304 - "http://localhost:3000/pm25" "Mozilla/5.0 (Windows NT 10.0; WOW64) AppleWebKit/537.36 (KHTML, like Gecko) Chrome/68.0.3440.106 Safari/537.36"
::ffff:127.0.0.1 - - [06/Mar/2019:09:32:22 +0000] "POST /pm25 HTTP/1.1" 200 24 "http://localhost:3000/pm25" "Mozilla/5.0 (Windows NT 10.0; WOW64) AppleWebKit/537.36 (KHTML, like Gecko) Chrome/68.0.3440.106 Safari/537.36"
::1 - - [06/Mar/2019:09:32:22 +0000] "GET /pm25 HTTP/1.1" 304 - "-" "Mozilla/5.0 (Windows NT 10.0; WOW64) AppleWebKit/537.36 (KHTML, like Gecko) Chrome/68.0.3440.106 Safari/537.36"
::1 - - [06/Mar/2019:09:32:22 +0000] "GET /stylesheets/style.css HTTP/1.1" 304 - "http://localhost:3000/pm25" "Mozilla/5.0 (Windows NT 10.0; WOW64) AppleWebKit/537.36 (KHTML, like Gecko) Chrome/68.0.3440.106 Safari/537.36"
::1 - - [06/Mar/2019:09:32:25 +0000] "POST /pm25 HTTP/1.1" 200 24 "http://localhost:3000/pm25" "Mozilla/5.0 (Windows NT 10.0; WOW64) AppleWebKit/537.36 (KHTML, like Gecko) Chrome/68.0.3440.106 Safari/537.36"
::1 - - [06/Mar/2019:09:32:51 +0000] "GET /pm25 HTTP/1.1" 200 347 "-" "Mozilla/5.0 (Windows NT 10.0; WOW64) AppleWebKit/537.36 (KHTML, like Gecko) Chrome/68.0.3440.106 Safari/537.36"
::1 - - [06/Mar/2019:09:32:51 +0000] "GET /stylesheets/style.css HTTP/1.1" 304 - "http://localhost:3000/pm25" "Mozilla/5.0 (Windows NT 10.0; WOW64) AppleWebKit/537.36 (KHTML, like Gecko) Chrome/68.0.3440.106 Safari/537.36"
::1 - - [06/Mar/2019:09:32:56 +0000] "POST /pm25 HTTP/1.1" 200 24 "http://localhost:3000/pm25" "Mozilla/5.0 (Windows NT 10.0; WOW64) AppleWebKit/537.36 (KHTML, like Gecko) Chrome/68.0.3440.106 Safari/537.36"
::1 - - [06/Mar/2019:09:33:32 +0000] "GET /pm25 HTTP/1.1" 200 347 "-" "Mozilla/5.0 (Windows NT 10.0; WOW64) AppleWebKit/537.36 (KHTML, like Gecko) Chrome/68.0.3440.106 Safari/537.36"
::1 - - [06/Mar/2019:09:33:32 +0000] "GET /stylesheets/style.css HTTP/1.1" 304 - "http://localhost:3000/pm25" "Mozilla/5.0 (Windows NT 10.0; WOW64) AppleWebKit/537.36 (KHTML, like Gecko) Chrome/68.0.3440.106 Safari/537.36"
::1 - - [06/Mar/2019:09:33:37 +0000] "POST /pm25 HTTP/1.1" 200 24 "http://localhost:3000/pm25" "Mozilla/5.0 (Windows NT 10.0; WOW64) AppleWebKit/537.36 (KHTML, like Gecko) Chrome/68.0.3440.106 Safari/537.36"
::1 - - [06/Mar/2019:09:34:32 +0000] "GET /pm25 HTTP/1.1" 200 347 "-" "Mozilla/5.0 (Windows NT 10.0; WOW64) AppleWebKit/537.36 (KHTML, like Gecko) Chrome/68.0.3440.106 Safari/537.36"
::1 - - [06/Mar/2019:09:34:32 +0000] "GET /stylesheets/style.css HTTP/1.1" 304 - "http://localhost:3000/pm25" "Mozilla/5.0 (Windows NT 10.0; WOW64) AppleWebKit/537.36 (KHTML, like Gecko) Chrome/68.0.3440.106 Safari/537.36"
::1 - - [06/Mar/2019:09:34:37 +0000] "POST /pm25 HTTP/1.1" 200 24 "http://localhost:3000/pm25" "Mozilla/5.0 (Windows NT 10.0; WOW64) AppleWebKit/537.36 (KHTML, like Gecko) Chrome/68.0.3440.106 Safari/537.36"
::1 - - [06/Mar/2019:09:35:16 +0000] "GET /pm25 HTTP/1.1" 200 347 "-" "Mozilla/5.0 (Windows NT 10.0; WOW64) AppleWebKit/537.36 (KHTML, like Gecko) Chrome/68.0.3440.106 Safari/537.36"
::1 - - [06/Mar/2019:09:35:16 +0000] "GET /pm25 HTTP/1.1" 304 - "-" "Mozilla/5.0 (Windows NT 10.0; WOW64) AppleWebKit/537.36 (KHTML, like Gecko) Chrome/68.0.3440.106 Safari/537.36"
::1 - - [06/Mar/2019:09:35:16 +0000] "GET /stylesheets/style.css HTTP/1.1" 304 - "http://localhost:3000/pm25" "Mozilla/5.0 (Windows NT 10.0; WOW64) AppleWebKit/537.36 (KHTML, like Gecko) Chrome/68.0.3440.106 Safari/537.36"
::1 - - [06/Mar/2019:09:35:20 +0000] "POST /pm25 HTTP/1.1" 200 24 "http://localhost:3000/pm25" "Mozilla/5.0 (Windows NT 10.0; WOW64) AppleWebKit/537.36 (KHTML, like Gecko) Chrome/68.0.3440.106 Safari/537.36"
::1 - - [06/Mar/2019:09:36:04 +0000] "GET /pm25 HTTP/1.1" 200 347 "-" "Mozilla/5.0 (Windows NT 10.0; WOW64) AppleWebKit/537.36 (KHTML, like Gecko) Chrome/68.0.3440.106 Safari/537.36"
::1 - - [06/Mar/2019:09:36:04 +0000] "GET /stylesheets/style.css HTTP/1.1" 304 - "http://localhost:3000/pm25" "Mozilla/5.0 (Windows NT 10.0; WOW64) AppleWebKit/537.36 (KHTML, like Gecko) Chrome/68.0.3440.106 Safari/537.36"
::1 - - [06/Mar/2019:09:36:08 +0000] "POST /pm25 HTTP/1.1" 200 5092 "http://localhost:3000/pm25" "Mozilla/5.0 (Windows NT 10.0; WOW64) AppleWebKit/537.36 (KHTML, like Gecko) Chrome/68.0.3440.106 Safari/537.36"
::1 - - [06/Mar/2019:09:36:52 +0000] "GET /pm25 HTTP/1.1" 200 347 "-" "Mozilla/5.0 (Windows NT 10.0; WOW64) AppleWebKit/537.36 (KHTML, like Gecko) Chrome/68.0.3440.106 Safari/537.36"
::1 - - [06/Mar/2019:09:36:54 +0000] "GET /pm25 HTTP/1.1" 304 - "-" "Mozilla/5.0 (Windows NT 10.0; WOW64) AppleWebKit/537.36 (KHTML, like Gecko) Chrome/68.0.3440.106 Safari/537.36"
::1 - - [06/Mar/2019:09:36:54 +0000] "GET /stylesheets/style.css HTTP/1.1" 304 - "http://localhost:3000/pm25" "Mozilla/5.0 (Windows NT 10.0; WOW64) AppleWebKit/537.36 (KHTML, like Gecko) Chrome/68.0.3440.106 Safari/537.36"
::1 - - [06/Mar/2019:09:37:22 +0000] "POST /pm25 HTTP/1.1" 200 24 "http://localhost:3000/pm25" "Mozilla/5.0 (Windows NT 10.0; WOW64) AppleWebKit/537.36 (KHTML, like Gecko) Chrome/68.0.3440.106 Safari/537.36"
::1 - - [06/Mar/2019:09:37:23 +0000] "GET /pm25 HTTP/1.1" 200 347 "-" "Mozilla/5.0 (Windows NT 10.0; WOW64) AppleWebKit/537.36 (KHTML, like Gecko) Chrome/68.0.3440.106 Safari/537.36"
::1 - - [06/Mar/2019:09:37:29 +0000] "POST /pm25 HTTP/1.1" 200 2735 "http://localhost:3000/pm25" "Mozilla/5.0 (Windows NT 10.0; WOW64) AppleWebKit/537.36 (KHTML, like Gecko) Chrome/68.0.3440.106 Safari/537.36"
::1 - - [06/Mar/2019:09:37:32 +0000] "GET /pm25 HTTP/1.1" 200 347 "-" "Mozilla/5.0 (Windows NT 10.0; WOW64) AppleWebKit/537.36 (KHTML, like Gecko) Chrome/68.0.3440.106 Safari/537.36"
::1 - - [06/Mar/2019:09:37:36 +0000] "POST /pm25 HTTP/1.1" 200 4113 "http://localhost:3000/pm25" "Mozilla/5.0 (Windows NT 10.0; WOW64) AppleWebKit/537.36 (KHTML, like Gecko) Chrome/68.0.3440.106 Safari/537.36"
::1 - - [06/Mar/2019:09:37:44 +0000] "GET /pm25 HTTP/1.1" 200 347 "-" "Mozilla/5.0 (Windows NT 10.0; WOW64) AppleWebKit/537.36 (KHTML, like Gecko) Chrome/68.0.3440.106 Safari/537.36"
::1 - - [06/Mar/2019:09:37:48 +0000] "POST /pm25 HTTP/1.1" 200 3117 "http://localhost:3000/pm25" "Mozilla/5.0 (Windows NT 10.0; WOW64) AppleWebKit/537.36 (KHTML, like Gecko) Chrome/68.0.3440.106 Safari/537.36"
::1 - - [06/Mar/2019:09:38:03 +0000] "GET /pm25 HTTP/1.1" 200 347 "-" "Mozilla/5.0 (Windows NT 10.0; WOW64) AppleWebKit/537.36 (KHTML, like Gecko) Chrome/68.0.3440.106 Safari/537.36"
::1 - - [06/Mar/2019:09:41:30 +0000] "GET /photos HTTP/1.1" 200 1442 "-" "Mozilla/5.0 (Windows NT 10.0; WOW64) AppleWebKit/537.36 (KHTML, like Gecko) Chrome/68.0.3440.106 Safari/537.36"
::1 - - [06/Mar/2019:09:41:30 +0000] "GET /stylesheets/style.css HTTP/1.1" 304 - "http://localhost:3000/photos" "Mozilla/5.0 (Windows NT 10.0; WOW64) AppleWebKit/537.36 (KHTML, like Gecko) Chrome/68.0.3440.106 Safari/537.36"
::1 - - [06/Mar/2019:09:41:32 +0000] "GET /create.ejs HTTP/1.1" 404 1506 "http://localhost:3000/photos" "Mozilla/5.0 (Windows NT 10.0; WOW64) AppleWebKit/537.36 (KHTML, like Gecko) Chrome/68.0.3440.106 Safari/537.36"
::1 - - [06/Mar/2019:09:41:40 +0000] "GET /search.ejs HTTP/1.1" 404 1506 "http://localhost:3000/photos" "Mozilla/5.0 (Windows NT 10.0; WOW64) AppleWebKit/537.36 (KHTML, like Gecko) Chrome/68.0.3440.106 Safari/537.36"
::1 - - [06/Mar/2019:09:42:10 +0000] "GET /photos HTTP/1.1" 200 1450 "-" "Mozilla/5.0 (Windows NT 10.0; WOW64) AppleWebKit/537.36 (KHTML, like Gecko) Chrome/68.0.3440.106 Safari/537.36"
::1 - - [06/Mar/2019:09:42:10 +0000] "GET /stylesheets/style.css HTTP/1.1" 304 - "http://localhost:3000/photos" "Mozilla/5.0 (Windows NT 10.0; WOW64) AppleWebKit/537.36 (KHTML, like Gecko) Chrome/68.0.3440.106 Safari/537.36"
::1 - - [06/Mar/2019:09:42:12 +0000] "GET /photos/create HTTP/1.1" 200 406 "http://localhost:3000/photos" "Mozilla/5.0 (Windows NT 10.0; WOW64) AppleWebKit/537.36 (KHTML, like Gecko) Chrome/68.0.3440.106 Safari/537.36"
::1 - - [06/Mar/2019:09:42:12 +0000] "GET /stylesheets/style.css HTTP/1.1" 304 - "http://localhost:3000/photos/create" "Mozilla/5.0 (Windows NT 10.0; WOW64) AppleWebKit/537.36 (KHTML, like Gecko) Chrome/68.0.3440.106 Safari/537.36"
::1 - - [06/Mar/2019:09:42:14 +0000] "GET /photos/search HTTP/1.1" 304 - "http://localhost:3000/photos" "Mozilla/5.0 (Windows NT 10.0; WOW64) AppleWebKit/537.36 (KHTML, like Gecko) Chrome/68.0.3440.106 Safari/537.36"
::1 - - [06/Mar/2019:09:42:14 +0000] "GET /stylesheets/style.css HTTP/1.1" 304 - "http://localhost:3000/photos/search" "Mozilla/5.0 (Windows NT 10.0; WOW64) AppleWebKit/537.36 (KHTML, like Gecko) Chrome/68.0.3440.106 Safari/537.36"
::1 - - [06/Mar/2019:09:42:17 +0000] "GET /photos/search HTTP/1.1" 304 - "http://localhost:3000/photos" "Mozilla/5.0 (Windows NT 10.0; WOW64) AppleWebKit/537.36 (KHTML, like Gecko) Chrome/68.0.3440.106 Safari/537.36"
::1 - - [06/Mar/2019:09:42:17 +0000] "GET /stylesheets/style.css HTTP/1.1" 304 - "http://localhost:3000/photos/search" "Mozilla/5.0 (Windows NT 10.0; WOW64) AppleWebKit/537.36 (KHTML, like Gecko) Chrome/68.0.3440.106 Safari/537.36"
::1 - - [06/Mar/2019:09:42:18 +0000] "POST /photos/search HTTP/1.1" 200 743 "http://localhost:3000/photos/search" "Mozilla/5.0 (Windows NT 10.0; WOW64) AppleWebKit/537.36 (KHTML, like Gecko) Chrome/68.0.3440.106 Safari/537.36"
::1 - - [06/Mar/2019:09:42:18 +0000] "GET /stylesheets/style.css HTTP/1.1" 304 - "http://localhost:3000/photos/search" "Mozilla/5.0 (Windows NT 10.0; WOW64) AppleWebKit/537.36 (KHTML, like Gecko) Chrome/68.0.3440.106 Safari/537.36"
::1 - - [06/Mar/2019:09:42:21 +0000] "GET /photos/search HTTP/1.1" 200 381 "http://localhost:3000/photos" "Mozilla/5.0 (Windows NT 10.0; WOW64) AppleWebKit/537.36 (KHTML, like Gecko) Chrome/68.0.3440.106 Safari/537.36"
::1 - - [06/Mar/2019:09:43:05 +0000] "GET /photos HTTP/1.1" 304 - "-" "Mozilla/5.0 (Windows NT 10.0; WOW64) AppleWebKit/537.36 (KHTML, like Gecko) Chrome/68.0.3440.106 Safari/537.36"
::1 - - [06/Mar/2019:09:43:05 +0000] "GET /stylesheets/style.css HTTP/1.1" 304 - "http://localhost:3000/photos" "Mozilla/5.0 (Windows NT 10.0; WOW64) AppleWebKit/537.36 (KHTML, like Gecko) Chrome/68.0.3440.106 Safari/537.36"
::1 - - [06/Mar/2019:09:43:06 +0000] "GET /photos/create HTTP/1.1" 200 448 "http://localhost:3000/photos" "Mozilla/5.0 (Windows NT 10.0; WOW64) AppleWebKit/537.36 (KHTML, like Gecko) Chrome/68.0.3440.106 Safari/537.36"
::1 - - [06/Mar/2019:09:43:06 +0000] "GET /stylesheets/style.css HTTP/1.1" 304 - "http://localhost:3000/photos/create" "Mozilla/5.0 (Windows NT 10.0; WOW64) AppleWebKit/537.36 (KHTML, like Gecko) Chrome/68.0.3440.106 Safari/537.36"
::1 - - [06/Mar/2019:09:43:07 +0000] "GET /photos HTTP/1.1" 304 - "http://localhost:3000/photos/create" "Mozilla/5.0 (Windows NT 10.0; WOW64) AppleWebKit/537.36 (KHTML, like Gecko) Chrome/68.0.3440.106 Safari/537.36"
::1 - - [06/Mar/2019:09:43:07 +0000] "GET /stylesheets/style.css HTTP/1.1" 304 - "http://localhost:3000/photos" "Mozilla/5.0 (Windows NT 10.0; WOW64) AppleWebKit/537.36 (KHTML, like Gecko) Chrome/68.0.3440.106 Safari/537.36"
::1 - - [06/Mar/2019:09:43:08 +0000] "GET /photos/search HTTP/1.1" 200 423 "http://localhost:3000/photos" "Mozilla/5.0 (Windows NT 10.0; WOW64) AppleWebKit/537.36 (KHTML, like Gecko) Chrome/68.0.3440.106 Safari/537.36"
::1 - - [06/Mar/2019:09:43:08 +0000] "GET /stylesheets/style.css HTTP/1.1" 304 - "http://localhost:3000/photos/search" "Mozilla/5.0 (Windows NT 10.0; WOW64) AppleWebKit/537.36 (KHTML, like Gecko) Chrome/68.0.3440.106 Safari/537.36"
::1 - - [06/Mar/2019:09:43:09 +0000] "GET /photos HTTP/1.1" 304 - "http://localhost:3000/photos/search" "Mozilla/5.0 (Windows NT 10.0; WOW64) AppleWebKit/537.36 (KHTML, like Gecko) Chrome/68.0.3440.106 Safari/537.36"
::1 - - [06/Mar/2019:09:43:09 +0000] "GET /stylesheets/style.css HTTP/1.1" 304 - "http://localhost:3000/photos" "Mozilla/5.0 (Windows NT 10.0; WOW64) AppleWebKit/537.36 (KHTML, like Gecko) Chrome/68.0.3440.106 Safari/537.36"
::1 - - [06/Mar/2019:09:43:25 +0000] "GET /photos/create HTTP/1.1" 304 - "http://localhost:3000/photos" "Mozilla/5.0 (Windows NT 10.0; WOW64) AppleWebKit/537.36 (KHTML, like Gecko) Chrome/68.0.3440.106 Safari/537.36"
::1 - - [06/Mar/2019:09:43:25 +0000] "GET /stylesheets/style.css HTTP/1.1" 304 - "http://localhost:3000/photos/create" "Mozilla/5.0 (Windows NT 10.0; WOW64) AppleWebKit/537.36 (KHTML, like Gecko) Chrome/68.0.3440.106 Safari/537.36"
::1 - - [06/Mar/2019:09:43:27 +0000] "GET /photos/search HTTP/1.1" 304 - "http://localhost:3000/photos" "Mozilla/5.0 (Windows NT 10.0; WOW64) AppleWebKit/537.36 (KHTML, like Gecko) Chrome/68.0.3440.106 Safari/537.36"
::1 - - [06/Mar/2019:09:43:27 +0000] "GET /stylesheets/style.css HTTP/1.1" 304 - "http://localhost:3000/photos/search" "Mozilla/5.0 (Windows NT 10.0; WOW64) AppleWebKit/537.36 (KHTML, like Gecko) Chrome/68.0.3440.106 Safari/537.36"
::1 - - [06/Mar/2019:09:45:41 +0000] "GET / HTTP/1.1" 200 313 "-" "Mozilla/5.0 (Windows NT 10.0; WOW64) AppleWebKit/537.36 (KHTML, like Gecko) Chrome/68.0.3440.106 Safari/537.36"
::1 - - [06/Mar/2019:09:45:41 +0000] "GET /stylesheets/style.css HTTP/1.1" 304 - "http://localhost:3000/" "Mozilla/5.0 (Windows NT 10.0; WOW64) AppleWebKit/537.36 (KHTML, like Gecko) Chrome/68.0.3440.106 Safari/537.36"
::1 - - [06/Mar/2019:09:45:42 +0000] "GET /photos HTTP/1.1" 304 - "http://localhost:3000/" "Mozilla/5.0 (Windows NT 10.0; WOW64) AppleWebKit/537.36 (KHTML, like Gecko) Chrome/68.0.3440.106 Safari/537.36"
::1 - - [06/Mar/2019:09:45:42 +0000] "GET /stylesheets/style.css HTTP/1.1" 304 - "http://localhost:3000/photos" "Mozilla/5.0 (Windows NT 10.0; WOW64) AppleWebKit/537.36 (KHTML, like Gecko) Chrome/68.0.3440.106 Safari/537.36"
::1 - - [06/Mar/2019:09:45:43 +0000] "GET /photos/search HTTP/1.1" 304 - "http://localhost:3000/photos" "Mozilla/5.0 (Windows NT 10.0; WOW64) AppleWebKit/537.36 (KHTML, like Gecko) Chrome/68.0.3440.106 Safari/537.36"
::1 - - [06/Mar/2019:09:45:43 +0000] "GET /stylesheets/style.css HTTP/1.1" 304 - "http://localhost:3000/photos/search" "Mozilla/5.0 (Windows NT 10.0; WOW64) AppleWebKit/537.36 (KHTML, like Gecko) Chrome/68.0.3440.106 Safari/537.36"
::1 - - [06/Mar/2019:09:45:45 +0000] "GET /photos/create HTTP/1.1" 304 - "http://localhost:3000/photos" "Mozilla/5.0 (Windows NT 10.0; WOW64) AppleWebKit/537.36 (KHTML, like Gecko) Chrome/68.0.3440.106 Safari/537.36"
::1 - - [06/Mar/2019:09:45:45 +0000] "GET /stylesheets/style.css HTTP/1.1" 304 - "http://localhost:3000/photos/create" "Mozilla/5.0 (Windows NT 10.0; WOW64) AppleWebKit/537.36 (KHTML, like Gecko) Chrome/68.0.3440.106 Safari/537.36"
::1 - - [06/Mar/2019:09:45:48 +0000] "GET /pm25 HTTP/1.1" 304 - "http://localhost:3000/" "Mozilla/5.0 (Windows NT 10.0; WOW64) AppleWebKit/537.36 (KHTML, like Gecko) Chrome/68.0.3440.106 Safari/537.36"
::1 - - [06/Mar/2019:09:45:48 +0000] "GET /stylesheets/style.css HTTP/1.1" 304 - "http://localhost:3000/pm25" "Mozilla/5.0 (Windows NT 10.0; WOW64) AppleWebKit/537.36 (KHTML, like Gecko) Chrome/68.0.3440.106 Safari/537.36"
::1 - - [06/Mar/2019:09:57:03 +0000] "GET / HTTP/1.1" 304 - "-" "Mozilla/5.0 (Windows NT 10.0; WOW64) AppleWebKit/537.36 (KHTML, like Gecko) Chrome/68.0.3440.106 Safari/537.36"
::1 - - [06/Mar/2019:09:57:03 +0000] "GET /stylesheets/style.css HTTP/1.1" 304 - "http://localhost:3000/" "Mozilla/5.0 (Windows NT 10.0; WOW64) AppleWebKit/537.36 (KHTML, like Gecko) Chrome/68.0.3440.106 Safari/537.36"
::1 - - [06/Mar/2019:09:57:19 +0000] "GET / HTTP/1.1" 304 - "-" "Mozilla/5.0 (Windows NT 10.0; WOW64) AppleWebKit/537.36 (KHTML, like Gecko) Chrome/68.0.3440.106 Safari/537.36"
::1 - - [06/Mar/2019:09:57:19 +0000] "GET /stylesheets/style.css HTTP/1.1" 304 - "http://localhost:3000/" "Mozilla/5.0 (Windows NT 10.0; WOW64) AppleWebKit/537.36 (KHTML, like Gecko) Chrome/68.0.3440.106 Safari/537.36"
::1 - - [06/Mar/2019:09:57:32 +0000] "GET / HTTP/1.1" 304 - "-" "Mozilla/5.0 (Windows NT 10.0; WOW64) AppleWebKit/537.36 (KHTML, like Gecko) Chrome/68.0.3440.106 Safari/537.36"
::1 - - [06/Mar/2019:09:57:32 +0000] "GET /stylesheets/style.css HTTP/1.1" 304 - "http://localhost:3000/" "Mozilla/5.0 (Windows NT 10.0; WOW64) AppleWebKit/537.36 (KHTML, like Gecko) Chrome/68.0.3440.106 Safari/537.36"
::1 - - [06/Mar/2019:09:58:21 +0000] "GET / HTTP/1.1" 200 415 "-" "Mozilla/5.0 (Windows NT 10.0; WOW64) AppleWebKit/537.36 (KHTML, like Gecko) Chrome/68.0.3440.106 Safari/537.36"
::1 - - [06/Mar/2019:09:58:21 +0000] "GET /stylesheets/style.css HTTP/1.1" 304 - "http://localhost:3000/" "Mozilla/5.0 (Windows NT 10.0; WOW64) AppleWebKit/537.36 (KHTML, like Gecko) Chrome/68.0.3440.106 Safari/537.36"
::1 - - [06/Mar/2019:09:58:23 +0000] "GET / HTTP/1.1" 304 - "-" "Mozilla/5.0 (Windows NT 10.0; WOW64) AppleWebKit/537.36 (KHTML, like Gecko) Chrome/68.0.3440.106 Safari/537.36"
::1 - - [06/Mar/2019:09:58:23 +0000] "GET /stylesheets/style.css HTTP/1.1" 304 - "http://localhost:3000/" "Mozilla/5.0 (Windows NT 10.0; WOW64) AppleWebKit/537.36 (KHTML, like Gecko) Chrome/68.0.3440.106 Safari/537.36"
::1 - - [06/Mar/2019:09:58:24 +0000] "GET / HTTP/1.1" 304 - "http://localhost:3000/" "Mozilla/5.0 (Windows NT 10.0; WOW64) AppleWebKit/537.36 (KHTML, like Gecko) Chrome/68.0.3440.106 Safari/537.36"
::1 - - [06/Mar/2019:09:58:24 +0000] "GET /stylesheets/style.css HTTP/1.1" 304 - "http://localhost:3000/" "Mozilla/5.0 (Windows NT 10.0; WOW64) AppleWebKit/537.36 (KHTML, like Gecko) Chrome/68.0.3440.106 Safari/537.36"
::1 - - [06/Mar/2019:09:58:25 +0000] "GET /photos HTTP/1.1" 200 1557 "http://localhost:3000/" "Mozilla/5.0 (Windows NT 10.0; WOW64) AppleWebKit/537.36 (KHTML, like Gecko) Chrome/68.0.3440.106 Safari/537.36"
::1 - - [06/Mar/2019:09:58:25 +0000] "GET /stylesheets/style.css HTTP/1.1" 304 - "http://localhost:3000/photos" "Mozilla/5.0 (Windows NT 10.0; WOW64) AppleWebKit/537.36 (KHTML, like Gecko) Chrome/68.0.3440.106 Safari/537.36"
::1 - - [06/Mar/2019:09:58:26 +0000] "GET / HTTP/1.1" 304 - "http://localhost:3000/photos" "Mozilla/5.0 (Windows NT 10.0; WOW64) AppleWebKit/537.36 (KHTML, like Gecko) Chrome/68.0.3440.106 Safari/537.36"
::1 - - [06/Mar/2019:09:58:26 +0000] "GET /stylesheets/style.css HTTP/1.1" 304 - "http://localhost:3000/" "Mozilla/5.0 (Windows NT 10.0; WOW64) AppleWebKit/537.36 (KHTML, like Gecko) Chrome/68.0.3440.106 Safari/537.36"
::1 - - [06/Mar/2019:09:58:27 +0000] "GET /pm25 HTTP/1.1" 304 - "http://localhost:3000/" "Mozilla/5.0 (Windows NT 10.0; WOW64) AppleWebKit/537.36 (KHTML, like Gecko) Chrome/68.0.3440.106 Safari/537.36"
::1 - - [06/Mar/2019:09:58:27 +0000] "GET /stylesheets/style.css HTTP/1.1" 304 - "http://localhost:3000/pm25" "Mozilla/5.0 (Windows NT 10.0; WOW64) AppleWebKit/537.36 (KHTML, like Gecko) Chrome/68.0.3440.106 Safari/537.36"
::1 - - [06/Mar/2019:09:58:46 +0000] "GET / HTTP/1.1" 304 - "http://localhost:3000/photos" "Mozilla/5.0 (Windows NT 10.0; WOW64) AppleWebKit/537.36 (KHTML, like Gecko) Chrome/68.0.3440.106 Safari/537.36"
::1 - - [06/Mar/2019:09:58:46 +0000] "GET /stylesheets/style.css HTTP/1.1" 304 - "http://localhost:3000/" "Mozilla/5.0 (Windows NT 10.0; WOW64) AppleWebKit/537.36 (KHTML, like Gecko) Chrome/68.0.3440.106 Safari/537.36"
::1 - - [06/Mar/2019:09:58:48 +0000] "GET /pm25 HTTP/1.1" 200 451 "http://localhost:3000/" "Mozilla/5.0 (Windows NT 10.0; WOW64) AppleWebKit/537.36 (KHTML, like Gecko) Chrome/68.0.3440.106 Safari/537.36"
::1 - - [06/Mar/2019:09:58:48 +0000] "GET /stylesheets/style.css HTTP/1.1" 304 - "http://localhost:3000/pm25" "Mozilla/5.0 (Windows NT 10.0; WOW64) AppleWebKit/537.36 (KHTML, like Gecko) Chrome/68.0.3440.106 Safari/537.36"
::1 - - [06/Mar/2019:09:58:48 +0000] "GET / HTTP/1.1" 304 - "http://localhost:3000/pm25" "Mozilla/5.0 (Windows NT 10.0; WOW64) AppleWebKit/537.36 (KHTML, like Gecko) Chrome/68.0.3440.106 Safari/537.36"
::1 - - [06/Mar/2019:09:58:48 +0000] "GET /stylesheets/style.css HTTP/1.1" 304 - "http://localhost:3000/" "Mozilla/5.0 (Windows NT 10.0; WOW64) AppleWebKit/537.36 (KHTML, like Gecko) Chrome/68.0.3440.106 Safari/537.36"
::1 - - [06/Mar/2019:09:58:49 +0000] "GET /photos HTTP/1.1" 304 - "http://localhost:3000/" "Mozilla/5.0 (Windows NT 10.0; WOW64) AppleWebKit/537.36 (KHTML, like Gecko) Chrome/68.0.3440.106 Safari/537.36"
::1 - - [06/Mar/2019:09:58:49 +0000] "GET /stylesheets/style.css HTTP/1.1" 304 - "http://localhost:3000/photos" "Mozilla/5.0 (Windows NT 10.0; WOW64) AppleWebKit/537.36 (KHTML, like Gecko) Chrome/68.0.3440.106 Safari/537.36"
::1 - - [06/Mar/2019:09:58:51 +0000] "GET / HTTP/1.1" 304 - "http://localhost:3000/photos" "Mozilla/5.0 (Windows NT 10.0; WOW64) AppleWebKit/537.36 (KHTML, like Gecko) Chrome/68.0.3440.106 Safari/537.36"
::1 - - [06/Mar/2019:09:58:51 +0000] "GET /stylesheets/style.css HTTP/1.1" 304 - "http://localhost:3000/" "Mozilla/5.0 (Windows NT 10.0; WOW64) AppleWebKit/537.36 (KHTML, like Gecko) Chrome/68.0.3440.106 Safari/537.36"
::1 - - [06/Mar/2019:09:58:52 +0000] "GET /pm25 HTTP/1.1" 304 - "http://localhost:3000/" "Mozilla/5.0 (Windows NT 10.0; WOW64) AppleWebKit/537.36 (KHTML, like Gecko) Chrome/68.0.3440.106 Safari/537.36"
::1 - - [06/Mar/2019:09:58:52 +0000] "GET /stylesheets/style.css HTTP/1.1" 304 - "http://localhost:3000/pm25" "Mozilla/5.0 (Windows NT 10.0; WOW64) AppleWebKit/537.36 (KHTML, like Gecko) Chrome/68.0.3440.106 Safari/537.36"
::1 - - [06/Mar/2019:09:58:59 +0000] "POST /pm25 HTTP/1.1" 200 3868 "http://localhost:3000/pm25" "Mozilla/5.0 (Windows NT 10.0; WOW64) AppleWebKit/537.36 (KHTML, like Gecko) Chrome/68.0.3440.106 Safari/537.36"
::1 - - [06/Mar/2019:10:37:12 +0000] "GET / HTTP/1.1" 200 462 "-" "Mozilla/5.0 (Windows NT 10.0; WOW64) AppleWebKit/537.36 (KHTML, like Gecko) Chrome/68.0.3440.106 Safari/537.36"
::1 - - [06/Mar/2019:10:37:12 +0000] "GET /stylesheets/style.css HTTP/1.1" 304 - "http://localhost:3000/" "Mozilla/5.0 (Windows NT 10.0; WOW64) AppleWebKit/537.36 (KHTML, like Gecko) Chrome/68.0.3440.106 Safari/537.36"
::1 - - [06/Mar/2019:10:37:13 +0000] "GET / HTTP/1.1" 304 - "http://localhost:3000/" "Mozilla/5.0 (Windows NT 10.0; WOW64) AppleWebKit/537.36 (KHTML, like Gecko) Chrome/68.0.3440.106 Safari/537.36"
::1 - - [06/Mar/2019:10:37:13 +0000] "GET /stylesheets/style.css HTTP/1.1" 304 - "http://localhost:3000/" "Mozilla/5.0 (Windows NT 10.0; WOW64) AppleWebKit/537.36 (KHTML, like Gecko) Chrome/68.0.3440.106 Safari/537.36"
::1 - - [06/Mar/2019:10:37:15 +0000] "GET /photos HTTP/1.1" 200 1604 "http://localhost:3000/" "Mozilla/5.0 (Windows NT 10.0; WOW64) AppleWebKit/537.36 (KHTML, like Gecko) Chrome/68.0.3440.106 Safari/537.36"
::1 - - [06/Mar/2019:10:37:15 +0000] "GET /stylesheets/style.css HTTP/1.1" 304 - "http://localhost:3000/photos" "Mozilla/5.0 (Windows NT 10.0; WOW64) AppleWebKit/537.36 (KHTML, like Gecko) Chrome/68.0.3440.106 Safari/537.36"
::1 - - [06/Mar/2019:10:37:16 +0000] "GET /photos/search HTTP/1.1" 304 - "http://localhost:3000/photos" "Mozilla/5.0 (Windows NT 10.0; WOW64) AppleWebKit/537.36 (KHTML, like Gecko) Chrome/68.0.3440.106 Safari/537.36"
::1 - - [06/Mar/2019:10:37:16 +0000] "GET /stylesheets/style.css HTTP/1.1" 304 - "http://localhost:3000/photos/search" "Mozilla/5.0 (Windows NT 10.0; WOW64) AppleWebKit/537.36 (KHTML, like Gecko) Chrome/68.0.3440.106 Safari/537.36"
::1 - - [06/Mar/2019:10:37:18 +0000] "GET /photos/create HTTP/1.1" 304 - "http://localhost:3000/photos" "Mozilla/5.0 (Windows NT 10.0; WOW64) AppleWebKit/537.36 (KHTML, like Gecko) Chrome/68.0.3440.106 Safari/537.36"
::1 - - [06/Mar/2019:10:37:18 +0000] "GET /stylesheets/style.css HTTP/1.1" 304 - "http://localhost:3000/photos/create" "Mozilla/5.0 (Windows NT 10.0; WOW64) AppleWebKit/537.36 (KHTML, like Gecko) Chrome/68.0.3440.106 Safari/537.36"
::1 - - [06/Mar/2019:10:37:24 +0000] "GET /photos/search HTTP/1.1" 304 - "http://localhost:3000/photos" "Mozilla/5.0 (Windows NT 10.0; WOW64) AppleWebKit/537.36 (KHTML, like Gecko) Chrome/68.0.3440.106 Safari/537.36"
::1 - - [06/Mar/2019:10:37:24 +0000] "GET /stylesheets/style.css HTTP/1.1" 304 - "http://localhost:3000/photos/search" "Mozilla/5.0 (Windows NT 10.0; WOW64) AppleWebKit/537.36 (KHTML, like Gecko) Chrome/68.0.3440.106 Safari/537.36"
::1 - - [06/Mar/2019:10:37:28 +0000] "POST /photos/search HTTP/1.1" 200 897 "http://localhost:3000/photos/search" "Mozilla/5.0 (Windows NT 10.0; WOW64) AppleWebKit/537.36 (KHTML, like Gecko) Chrome/68.0.3440.106 Safari/537.36"
::1 - - [06/Mar/2019:10:37:28 +0000] "GET /stylesheets/style.css HTTP/1.1" 304 - "http://localhost:3000/photos/search" "Mozilla/5.0 (Windows NT 10.0; WOW64) AppleWebKit/537.36 (KHTML, like Gecko) Chrome/68.0.3440.106 Safari/537.36"
::1 - - [06/Mar/2019:10:37:30 +0000] "GET /photos/search HTTP/1.1" 200 423 "http://localhost:3000/photos" "Mozilla/5.0 (Windows NT 10.0; WOW64) AppleWebKit/537.36 (KHTML, like Gecko) Chrome/68.0.3440.106 Safari/537.36"
::1 - - [06/Mar/2019:10:37:36 +0000] "GET /photos HTTP/1.1" 304 - "http://localhost:3000/photos/search" "Mozilla/5.0 (Windows NT 10.0; WOW64) AppleWebKit/537.36 (KHTML, like Gecko) Chrome/68.0.3440.106 Safari/537.36"
::1 - - [06/Mar/2019:10:37:36 +0000] "GET /stylesheets/style.css HTTP/1.1" 304 - "http://localhost:3000/photos" "Mozilla/5.0 (Windows NT 10.0; WOW64) AppleWebKit/537.36 (KHTML, like Gecko) Chrome/68.0.3440.106 Safari/537.36"
::1 - - [06/Mar/2019:10:37:37 +0000] "GET /photos/create HTTP/1.1" 304 - "http://localhost:3000/photos" "Mozilla/5.0 (Windows NT 10.0; WOW64) AppleWebKit/537.36 (KHTML, like Gecko) Chrome/68.0.3440.106 Safari/537.36"
::1 - - [06/Mar/2019:10:37:37 +0000] "GET /stylesheets/style.css HTTP/1.1" 304 - "http://localhost:3000/photos/create" "Mozilla/5.0 (Windows NT 10.0; WOW64) AppleWebKit/537.36 (KHTML, like Gecko) Chrome/68.0.3440.106 Safari/537.36"
::1 - - [06/Mar/2019:10:37:57 +0000] "POST /photos/create HTTP/1.1" 200 55 "http://localhost:3000/photos/create" "Mozilla/5.0 (Windows NT 10.0; WOW64) AppleWebKit/537.36 (KHTML, like Gecko) Chrome/68.0.3440.106 Safari/537.36"
::1 - - [06/Mar/2019:10:37:58 +0000] "GET /photos HTTP/1.1" 200 1810 "http://localhost:3000/photos/create" "Mozilla/5.0 (Windows NT 10.0; WOW64) AppleWebKit/537.36 (KHTML, like Gecko) Chrome/68.0.3440.106 Safari/537.36"
::1 - - [06/Mar/2019:10:37:58 +0000] "GET /stylesheets/style.css HTTP/1.1" 304 - "http://localhost:3000/photos" "Mozilla/5.0 (Windows NT 10.0; WOW64) AppleWebKit/537.36 (KHTML, like Gecko) Chrome/68.0.3440.106 Safari/537.36"
::1 - - [06/Mar/2019:10:38:03 +0000] "GET / HTTP/1.1" 304 - "http://localhost:3000/photos" "Mozilla/5.0 (Windows NT 10.0; WOW64) AppleWebKit/537.36 (KHTML, like Gecko) Chrome/68.0.3440.106 Safari/537.36"
::1 - - [06/Mar/2019:10:38:03 +0000] "GET /stylesheets/style.css HTTP/1.1" 304 - "http://localhost:3000/" "Mozilla/5.0 (Windows NT 10.0; WOW64) AppleWebKit/537.36 (KHTML, like Gecko) Chrome/68.0.3440.106 Safari/537.36"
::1 - - [06/Mar/2019:10:38:05 +0000] "GET /pm25 HTTP/1.1" 200 498 "http://localhost:3000/" "Mozilla/5.0 (Windows NT 10.0; WOW64) AppleWebKit/537.36 (KHTML, like Gecko) Chrome/68.0.3440.106 Safari/537.36"
::1 - - [06/Mar/2019:10:38:05 +0000] "GET /stylesheets/style.css HTTP/1.1" 304 - "http://localhost:3000/pm25" "Mozilla/5.0 (Windows NT 10.0; WOW64) AppleWebKit/537.36 (KHTML, like Gecko) Chrome/68.0.3440.106 Safari/537.36"
::1 - - [06/Mar/2019:10:38:20 +0000] "POST /pm25 HTTP/1.1" 200 1959 "http://localhost:3000/pm25" "Mozilla/5.0 (Windows NT 10.0; WOW64) AppleWebKit/537.36 (KHTML, like Gecko) Chrome/68.0.3440.106 Safari/537.36"
::1 - - [06/Mar/2019:10:38:23 +0000] "GET /pm25 HTTP/1.1" 200 498 "http://localhost:3000/" "Mozilla/5.0 (Windows NT 10.0; WOW64) AppleWebKit/537.36 (KHTML, like Gecko) Chrome/68.0.3440.106 Safari/537.36"
::1 - - [06/Mar/2019:10:38:29 +0000] "POST /pm25 HTTP/1.1" 200 9746 "http://localhost:3000/pm25" "Mozilla/5.0 (Windows NT 10.0; WOW64) AppleWebKit/537.36 (KHTML, like Gecko) Chrome/68.0.3440.106 Safari/537.36"
::1 - - [06/Mar/2019:10:38:36 +0000] "GET /pm25 HTTP/1.1" 200 498 "http://localhost:3000/" "Mozilla/5.0 (Windows NT 10.0; WOW64) AppleWebKit/537.36 (KHTML, like Gecko) Chrome/68.0.3440.106 Safari/537.36"
::ffff:127.0.0.1 - - [06/Mar/2019:10:40:14 +0000] "GET / HTTP/1.1" 200 452 "-" "Mozilla/5.0 (Windows NT 10.0; WOW64) AppleWebKit/537.36 (KHTML, like Gecko) Chrome/68.0.3440.106 Safari/537.36"
::ffff:127.0.0.1 - - [06/Mar/2019:10:40:14 +0000] "GET /stylesheets/style.css HTTP/1.1" 304 - "http://localhost:3000/" "Mozilla/5.0 (Windows NT 10.0; WOW64) AppleWebKit/537.36 (KHTML, like Gecko) Chrome/68.0.3440.106 Safari/537.36"
::ffff:127.0.0.1 - - [06/Mar/2019:10:40:16 +0000] "GET /photos HTTP/1.1" 200 1733 "http://localhost:3000/" "Mozilla/5.0 (Windows NT 10.0; WOW64) AppleWebKit/537.36 (KHTML, like Gecko) Chrome/68.0.3440.106 Safari/537.36"
::ffff:127.0.0.1 - - [06/Mar/2019:10:40:16 +0000] "GET /stylesheets/style.css HTTP/1.1" 304 - "http://localhost:3000/photos" "Mozilla/5.0 (Windows NT 10.0; WOW64) AppleWebKit/537.36 (KHTML, like Gecko) Chrome/68.0.3440.106 Safari/537.36"
::ffff:127.0.0.1 - - [06/Mar/2019:10:40:19 +0000] "GET /pm25 HTTP/1.1" 200 511 "http://localhost:3000/" "Mozilla/5.0 (Windows NT 10.0; WOW64) AppleWebKit/537.36 (KHTML, like Gecko) Chrome/68.0.3440.106 Safari/537.36"
::ffff:127.0.0.1 - - [06/Mar/2019:10:40:19 +0000] "GET /stylesheets/style.css HTTP/1.1" 304 - "http://localhost:3000/pm25" "Mozilla/5.0 (Windows NT 10.0; WOW64) AppleWebKit/537.36 (KHTML, like Gecko) Chrome/68.0.3440.106 Safari/537.36"
::ffff:127.0.0.1 - - [06/Mar/2019:10:40:26 +0000] "POST /pm25 HTTP/1.1" 200 5094 "http://localhost:3000/pm25" "Mozilla/5.0 (Windows NT 10.0; WOW64) AppleWebKit/537.36 (KHTML, like Gecko) Chrome/68.0.3440.106 Safari/537.36"
::ffff:127.0.0.1 - - [06/Mar/2019:10:40:29 +0000] "GET /pm25 HTTP/1.1" 200 511 "http://localhost:3000/" "Mozilla/5.0 (Windows NT 10.0; WOW64) AppleWebKit/537.36 (KHTML, like Gecko) Chrome/68.0.3440.106 Safari/537.36"
::ffff:127.0.0.1 - - [06/Mar/2019:10:40:34 +0000] "POST /pm25 HTTP/1.1" 200 24 "http://localhost:3000/pm25" "Mozilla/5.0 (Windows NT 10.0; WOW64) AppleWebKit/537.36 (KHTML, like Gecko) Chrome/68.0.3440.106 Safari/537.36"
::ffff:127.0.0.1 - - [06/Mar/2019:10:40:36 +0000] "GET /pm25 HTTP/1.1" 200 511 "http://localhost:3000/" "Mozilla/5.0 (Windows NT 10.0; WOW64) AppleWebKit/537.36 (KHTML, like Gecko) Chrome/68.0.3440.106 Safari/537.36"
::1 - - [06/Mar/2019:10:51:14 +0000] "GET /pm25 HTTP/1.1" 200 530 "-" "Mozilla/5.0 (Windows NT 10.0; WOW64) AppleWebKit/537.36 (KHTML, like Gecko) Chrome/68.0.3440.106 Safari/537.36"
::1 - - [06/Mar/2019:10:51:14 +0000] "GET /stylesheets/style.css HTTP/1.1" 304 - "http://localhost:3000/pm25" "Mozilla/5.0 (Windows NT 10.0; WOW64) AppleWebKit/537.36 (KHTML, like Gecko) Chrome/68.0.3440.106 Safari/537.36"
::1 - - [06/Mar/2019:10:51:16 +0000] "GET / HTTP/1.1" 200 469 "-" "Mozilla/5.0 (Windows NT 10.0; WOW64) AppleWebKit/537.36 (KHTML, like Gecko) Chrome/68.0.3440.106 Safari/537.36"
::1 - - [06/Mar/2019:10:51:16 +0000] "GET /stylesheets/style.css HTTP/1.1" 304 - "http://localhost:3000/" "Mozilla/5.0 (Windows NT 10.0; WOW64) AppleWebKit/537.36 (KHTML, like Gecko) Chrome/68.0.3440.106 Safari/537.36"
::1 - - [06/Mar/2019:10:51:18 +0000] "GET /photos HTTP/1.1" 304 - "http://localhost:3000/" "Mozilla/5.0 (Windows NT 10.0; WOW64) AppleWebKit/537.36 (KHTML, like Gecko) Chrome/68.0.3440.106 Safari/537.36"
::1 - - [06/Mar/2019:10:51:18 +0000] "GET /stylesheets/style.css HTTP/1.1" 304 - "http://localhost:3000/photos" "Mozilla/5.0 (Windows NT 10.0; WOW64) AppleWebKit/537.36 (KHTML, like Gecko) Chrome/68.0.3440.106 Safari/537.36"
::1 - - [06/Mar/2019:10:51:22 +0000] "GET /pm25 HTTP/1.1" 304 - "http://localhost:3000/" "Mozilla/5.0 (Windows NT 10.0; WOW64) AppleWebKit/537.36 (KHTML, like Gecko) Chrome/68.0.3440.106 Safari/537.36"
::1 - - [06/Mar/2019:10:51:22 +0000] "GET /stylesheets/style.css HTTP/1.1" 304 - "http://localhost:3000/pm25" "Mozilla/5.0 (Windows NT 10.0; WOW64) AppleWebKit/537.36 (KHTML, like Gecko) Chrome/68.0.3440.106 Safari/537.36"
::1 - - [06/Mar/2019:10:51:32 +0000] "POST /pm25 HTTP/1.1" 200 2052 "http://localhost:3000/pm25" "Mozilla/5.0 (Windows NT 10.0; WOW64) AppleWebKit/537.36 (KHTML, like Gecko) Chrome/68.0.3440.106 Safari/537.36"
